{"D:\\Forex_Remittance\\forex-remittance\\frontend\\src\\App.js": {"path":"D:\\Forex_Remittance\\forex-remittance\\frontend\\src\\App.js","statementMap":{"0":{"start":{"line":16,"column":14},"end":{"line":25,"column":3}},"1":{"start":{"line":28,"column":2},"end":{"line":53,"column":4}}},"fnMap":{"0":{"name":"App","decl":{"start":{"line":26,"column":9},"end":{"line":26,"column":12}},"loc":{"start":{"line":26,"column":15},"end":{"line":54,"column":1}},"line":26}},"branchMap":{},"s":{"0":0,"1":0},"f":{"0":0},"b":{}}
,"D:\\Forex_Remittance\\forex-remittance\\frontend\\src\\beneficiaryFrom.js": {"path":"D:\\Forex_Remittance\\forex-remittance\\frontend\\src\\beneficiaryFrom.js","statementMap":{"0":{"start":{"line":5,"column":24},"end":{"line":144,"column":1}},"1":{"start":{"line":6,"column":36},"end":{"line":15,"column":6}},"2":{"start":{"line":16,"column":19},"end":{"line":16,"column":56}},"3":{"start":{"line":19,"column":25},"end":{"line":24,"column":5}},"4":{"start":{"line":20,"column":8},"end":{"line":23,"column":11}},"5":{"start":{"line":26,"column":25},"end":{"line":49,"column":5}},"6":{"start":{"line":27,"column":8},"end":{"line":27,"column":27}},"7":{"start":{"line":30,"column":8},"end":{"line":33,"column":9}},"8":{"start":{"line":31,"column":12},"end":{"line":31,"column":69}},"9":{"start":{"line":32,"column":12},"end":{"line":32,"column":19}},"10":{"start":{"line":36,"column":8},"end":{"line":36,"column":56}},"11":{"start":{"line":39,"column":8},"end":{"line":48,"column":11}},"12":{"start":{"line":51,"column":4},"end":{"line":64,"column":19}},"13":{"start":{"line":52,"column":8},"end":{"line":63,"column":9}},"14":{"start":{"line":53,"column":12},"end":{"line":53,"column":43}},"15":{"start":{"line":54,"column":12},"end":{"line":62,"column":19}},"16":{"start":{"line":58,"column":20},"end":{"line":58,"column":55}},"17":{"start":{"line":61,"column":20},"end":{"line":61,"column":39}},"18":{"start":{"line":66,"column":4},"end":{"line":143,"column":6}}},"fnMap":{"0":{"name":"(anonymous_0)","decl":{"start":{"line":5,"column":24},"end":{"line":5,"column":25}},"loc":{"start":{"line":5,"column":30},"end":{"line":144,"column":1}},"line":5},"1":{"name":"(anonymous_1)","decl":{"start":{"line":19,"column":25},"end":{"line":19,"column":26}},"loc":{"start":{"line":19,"column":32},"end":{"line":24,"column":5}},"line":19},"2":{"name":"(anonymous_2)","decl":{"start":{"line":26,"column":25},"end":{"line":26,"column":26}},"loc":{"start":{"line":26,"column":32},"end":{"line":49,"column":5}},"line":26},"3":{"name":"(anonymous_3)","decl":{"start":{"line":51,"column":14},"end":{"line":51,"column":15}},"loc":{"start":{"line":51,"column":20},"end":{"line":64,"column":5}},"line":51},"4":{"name":"(anonymous_4)","decl":{"start":{"line":56,"column":22},"end":{"line":56,"column":23}},"loc":{"start":{"line":56,"column":31},"end":{"line":59,"column":17}},"line":56},"5":{"name":"(anonymous_5)","decl":{"start":{"line":60,"column":23},"end":{"line":60,"column":24}},"loc":{"start":{"line":60,"column":32},"end":{"line":62,"column":17}},"line":60}},"branchMap":{"0":{"loc":{"start":{"line":30,"column":8},"end":{"line":33,"column":9}},"type":"if","locations":[{"start":{"line":30,"column":8},"end":{"line":33,"column":9}},{"start":{},"end":{}}],"line":30},"1":{"loc":{"start":{"line":52,"column":8},"end":{"line":63,"column":9}},"type":"if","locations":[{"start":{"line":52,"column":8},"end":{"line":63,"column":9}},{"start":{},"end":{}}],"line":52}},"s":{"0":0,"1":0,"2":0,"3":0,"4":0,"5":0,"6":0,"7":0,"8":0,"9":0,"10":0,"11":0,"12":0,"13":0,"14":0,"15":0,"16":0,"17":0,"18":0},"f":{"0":0,"1":0,"2":0,"3":0,"4":0,"5":0},"b":{"0":[0,0],"1":[0,0]}}
,"D:\\Forex_Remittance\\forex-remittance\\frontend\\src\\index.js": {"path":"D:\\Forex_Remittance\\forex-remittance\\frontend\\src\\index.js","statementMap":{"0":{"start":{"line":11,"column":13},"end":{"line":11,"column":65}},"1":{"start":{"line":12,"column":0},"end":{"line":17,"column":2}},"2":{"start":{"line":22,"column":0},"end":{"line":22,"column":18}}},"fnMap":{},"branchMap":{},"s":{"0":0,"1":0,"2":0},"f":{},"b":{}}
,"D:\\Forex_Remittance\\forex-remittance\\frontend\\src\\logger.js": {"path":"D:\\Forex_Remittance\\forex-remittance\\frontend\\src\\logger.js","statementMap":{"0":{"start":{"line":1,"column":15},"end":{"line":11,"column":1}},"1":{"start":{"line":3,"column":4},"end":{"line":3,"column":36}},"2":{"start":{"line":6,"column":4},"end":{"line":6,"column":38}},"3":{"start":{"line":9,"column":4},"end":{"line":9,"column":40}}},"fnMap":{"0":{"name":"(anonymous_0)","decl":{"start":{"line":2,"column":7},"end":{"line":2,"column":8}},"loc":{"start":{"line":2,"column":20},"end":{"line":4,"column":3}},"line":2},"1":{"name":"(anonymous_1)","decl":{"start":{"line":5,"column":8},"end":{"line":5,"column":9}},"loc":{"start":{"line":5,"column":21},"end":{"line":7,"column":3}},"line":5},"2":{"name":"(anonymous_2)","decl":{"start":{"line":8,"column":9},"end":{"line":8,"column":10}},"loc":{"start":{"line":8,"column":22},"end":{"line":10,"column":3}},"line":8}},"branchMap":{},"s":{"0":0,"1":0,"2":0,"3":0},"f":{"0":0,"1":0,"2":0},"b":{}}
,"D:\\Forex_Remittance\\forex-remittance\\frontend\\src\\reportWebVitals.js": {"path":"D:\\Forex_Remittance\\forex-remittance\\frontend\\src\\reportWebVitals.js","statementMap":{"0":{"start":{"line":1,"column":24},"end":{"line":11,"column":1}},"1":{"start":{"line":2,"column":2},"end":{"line":10,"column":3}},"2":{"start":{"line":3,"column":4},"end":{"line":9,"column":7}},"3":{"start":{"line":4,"column":6},"end":{"line":4,"column":26}},"4":{"start":{"line":5,"column":6},"end":{"line":5,"column":26}},"5":{"start":{"line":6,"column":6},"end":{"line":6,"column":26}},"6":{"start":{"line":7,"column":6},"end":{"line":7,"column":26}},"7":{"start":{"line":8,"column":6},"end":{"line":8,"column":27}}},"fnMap":{"0":{"name":"(anonymous_0)","decl":{"start":{"line":1,"column":24},"end":{"line":1,"column":25}},"loc":{"start":{"line":1,"column":39},"end":{"line":11,"column":1}},"line":1},"1":{"name":"(anonymous_1)","decl":{"start":{"line":3,"column":30},"end":{"line":3,"column":31}},"loc":{"start":{"line":3,"column":79},"end":{"line":9,"column":5}},"line":3}},"branchMap":{"0":{"loc":{"start":{"line":2,"column":2},"end":{"line":10,"column":3}},"type":"if","locations":[{"start":{"line":2,"column":2},"end":{"line":10,"column":3}},{"start":{},"end":{}}],"line":2},"1":{"loc":{"start":{"line":2,"column":6},"end":{"line":2,"column":52}},"type":"binary-expr","locations":[{"start":{"line":2,"column":6},"end":{"line":2,"column":17}},{"start":{"line":2,"column":21},"end":{"line":2,"column":52}}],"line":2}},"s":{"0":0,"1":0,"2":0,"3":0,"4":0,"5":0,"6":0,"7":0},"f":{"0":0,"1":0},"b":{"0":[0,0],"1":[0,0]}}
,"D:\\Forex_Remittance\\forex-remittance\\frontend\\src\\setupTests.js": {"path":"D:\\Forex_Remittance\\forex-remittance\\frontend\\src\\setupTests.js","statementMap":{},"fnMap":{},"branchMap":{},"s":{},"f":{},"b":{}}
,"D:\\Forex_Remittance\\forex-remittance\\frontend\\src\\sidebar.js": {"path":"D:\\Forex_Remittance\\forex-remittance\\frontend\\src\\sidebar.js","statementMap":{"0":{"start":{"line":4,"column":25},"end":{"line":11,"column":2}},"1":{"start":{"line":13,"column":13},"end":{"line":21,"column":2}},"2":{"start":{"line":23,"column":20},"end":{"line":26,"column":2}},"3":{"start":{"line":28,"column":24},"end":{"line":31,"column":2}},"4":{"start":{"line":33,"column":20},"end":{"line":39,"column":2}},"5":{"start":{"line":41,"column":16},"end":{"line":70,"column":1}},"6":{"start":{"line":42,"column":1},"end":{"line":69,"column":3}}},"fnMap":{"0":{"name":"(anonymous_0)","decl":{"start":{"line":41,"column":16},"end":{"line":41,"column":17}},"loc":{"start":{"line":41,"column":22},"end":{"line":70,"column":1}},"line":41}},"branchMap":{},"s":{"0":0,"1":0,"2":0,"3":0,"4":0,"5":0,"6":0},"f":{"0":0},"b":{}}
,"D:\\Forex_Remittance\\forex-remittance\\frontend\\src\\benificiaryform\\benificiaryform.js": {"path":"D:\\Forex_Remittance\\forex-remittance\\frontend\\src\\benificiaryform\\benificiaryform.js","statementMap":{"0":{"start":{"line":6,"column":24},"end":{"line":274,"column":1}},"1":{"start":{"line":7,"column":48},"end":{"line":7,"column":60}},"2":{"start":{"line":8,"column":50},"end":{"line":8,"column":64}},"3":{"start":{"line":9,"column":34},"end":{"line":18,"column":4}},"4":{"start":{"line":19,"column":34},"end":{"line":19,"column":46}},"5":{"start":{"line":20,"column":40},"end":{"line":20,"column":52}},"6":{"start":{"line":21,"column":36},"end":{"line":21,"column":48}},"7":{"start":{"line":22,"column":50},"end":{"line":22,"column":64}},"8":{"start":{"line":24,"column":17},"end":{"line":24,"column":54}},"9":{"start":{"line":27,"column":2},"end":{"line":30,"column":17}},"10":{"start":{"line":29,"column":4},"end":{"line":29,"column":42}},"11":{"start":{"line":32,"column":23},"end":{"line":37,"column":3}},"12":{"start":{"line":33,"column":4},"end":{"line":36,"column":7}},"13":{"start":{"line":39,"column":25},"end":{"line":50,"column":3}},"14":{"start":{"line":40,"column":4},"end":{"line":49,"column":5}},"15":{"start":{"line":41,"column":23},"end":{"line":41,"column":74}},"16":{"start":{"line":42,"column":29},"end":{"line":45,"column":9}},"17":{"start":{"line":42,"column":61},"end":{"line":45,"column":7}},"18":{"start":{"line":46,"column":6},"end":{"line":46,"column":35}},"19":{"start":{"line":48,"column":6},"end":{"line":48,"column":56}},"20":{"start":{"line":52,"column":30},"end":{"line":83,"column":3}},"21":{"start":{"line":53,"column":4},"end":{"line":82,"column":5}},"22":{"start":{"line":54,"column":23},"end":{"line":56,"column":7}},"23":{"start":{"line":57,"column":19},"end":{"line":57,"column":35}},"24":{"start":{"line":58,"column":6},"end":{"line":79,"column":7}},"25":{"start":{"line":60,"column":6},"end":{"line":75,"column":7}},"26":{"start":{"line":61,"column":30},"end":{"line":61,"column":58}},"27":{"start":{"line":62,"column":32},"end":{"line":65,"column":11}},"28":{"start":{"line":62,"column":69},"end":{"line":65,"column":9}},"29":{"start":{"line":67,"column":8},"end":{"line":67,"column":44}},"30":{"start":{"line":68,"column":8},"end":{"line":68,"column":46}},"31":{"start":{"line":70,"column":8},"end":{"line":74,"column":12}},"32":{"start":{"line":70,"column":35},"end":{"line":74,"column":9}},"33":{"start":{"line":76,"column":8},"end":{"line":78,"column":10}},"34":{"start":{"line":81,"column":6},"end":{"line":81,"column":54}},"35":{"start":{"line":85,"column":2},"end":{"line":87,"column":9}},"36":{"start":{"line":86,"column":4},"end":{"line":86,"column":21}},"37":{"start":{"line":89,"column":23},"end":{"line":112,"column":3}},"38":{"start":{"line":90,"column":4},"end":{"line":90,"column":23}},"39":{"start":{"line":91,"column":4},"end":{"line":111,"column":5}},"40":{"start":{"line":92,"column":23},"end":{"line":95,"column":7}},"41":{"start":{"line":97,"column":6},"end":{"line":97,"column":54}},"42":{"start":{"line":98,"column":6},"end":{"line":106,"column":9}},"43":{"start":{"line":108,"column":6},"end":{"line":108,"column":31}},"44":{"start":{"line":110,"column":6},"end":{"line":110,"column":57}},"45":{"start":{"line":114,"column":27},"end":{"line":150,"column":3}},"46":{"start":{"line":115,"column":4},"end":{"line":149,"column":5}},"47":{"start":{"line":117,"column":23},"end":{"line":119,"column":7}},"48":{"start":{"line":120,"column":19},"end":{"line":120,"column":32}},"49":{"start":{"line":122,"column":6},"end":{"line":137,"column":7}},"50":{"start":{"line":123,"column":46},"end":{"line":123,"column":62}},"51":{"start":{"line":124,"column":33},"end":{"line":124,"column":69}},"52":{"start":{"line":125,"column":8},"end":{"line":125,"column":41}},"53":{"start":{"line":127,"column":8},"end":{"line":132,"column":12}},"54":{"start":{"line":127,"column":35},"end":{"line":132,"column":9}},"55":{"start":{"line":134,"column":8},"end":{"line":136,"column":10}},"56":{"start":{"line":139,"column":6},"end":{"line":139,"column":59}},"57":{"start":{"line":140,"column":6},"end":{"line":142,"column":8}},"58":{"start":{"line":144,"column":6},"end":{"line":148,"column":10}},"59":{"start":{"line":144,"column":33},"end":{"line":148,"column":7}},"60":{"start":{"line":152,"column":2},"end":{"line":273,"column":4}},"61":{"start":{"line":162,"column":27},"end":{"line":162,"column":54}},"62":{"start":{"line":168,"column":25},"end":{"line":168,"column":62}},"63":{"start":{"line":238,"column":14},"end":{"line":238,"column":56}}},"fnMap":{"0":{"name":"(anonymous_0)","decl":{"start":{"line":6,"column":24},"end":{"line":6,"column":25}},"loc":{"start":{"line":6,"column":30},"end":{"line":274,"column":1}},"line":6},"1":{"name":"(anonymous_1)","decl":{"start":{"line":27,"column":12},"end":{"line":27,"column":13}},"loc":{"start":{"line":27,"column":18},"end":{"line":30,"column":3}},"line":27},"2":{"name":"(anonymous_2)","decl":{"start":{"line":32,"column":23},"end":{"line":32,"column":24}},"loc":{"start":{"line":32,"column":30},"end":{"line":37,"column":3}},"line":32},"3":{"name":"(anonymous_3)","decl":{"start":{"line":39,"column":25},"end":{"line":39,"column":26}},"loc":{"start":{"line":39,"column":37},"end":{"line":50,"column":3}},"line":39},"4":{"name":"(anonymous_4)","decl":{"start":{"line":42,"column":47},"end":{"line":42,"column":48}},"loc":{"start":{"line":42,"column":61},"end":{"line":45,"column":7}},"line":42},"5":{"name":"(anonymous_5)","decl":{"start":{"line":52,"column":30},"end":{"line":52,"column":31}},"loc":{"start":{"line":52,"column":56},"end":{"line":83,"column":3}},"line":52},"6":{"name":"(anonymous_6)","decl":{"start":{"line":62,"column":50},"end":{"line":62,"column":51}},"loc":{"start":{"line":62,"column":69},"end":{"line":65,"column":9}},"line":62},"7":{"name":"(anonymous_7)","decl":{"start":{"line":70,"column":20},"end":{"line":70,"column":21}},"loc":{"start":{"line":70,"column":35},"end":{"line":74,"column":9}},"line":70},"8":{"name":"(anonymous_8)","decl":{"start":{"line":85,"column":12},"end":{"line":85,"column":13}},"loc":{"start":{"line":85,"column":18},"end":{"line":87,"column":3}},"line":85},"9":{"name":"(anonymous_9)","decl":{"start":{"line":89,"column":23},"end":{"line":89,"column":24}},"loc":{"start":{"line":89,"column":36},"end":{"line":112,"column":3}},"line":89},"10":{"name":"(anonymous_10)","decl":{"start":{"line":114,"column":27},"end":{"line":114,"column":28}},"loc":{"start":{"line":114,"column":39},"end":{"line":150,"column":3}},"line":114},"11":{"name":"(anonymous_11)","decl":{"start":{"line":127,"column":20},"end":{"line":127,"column":21}},"loc":{"start":{"line":127,"column":35},"end":{"line":132,"column":9}},"line":127},"12":{"name":"(anonymous_12)","decl":{"start":{"line":144,"column":18},"end":{"line":144,"column":19}},"loc":{"start":{"line":144,"column":33},"end":{"line":148,"column":7}},"line":144},"13":{"name":"(anonymous_13)","decl":{"start":{"line":162,"column":20},"end":{"line":162,"column":21}},"loc":{"start":{"line":162,"column":27},"end":{"line":162,"column":54}},"line":162},"14":{"name":"(anonymous_14)","decl":{"start":{"line":168,"column":19},"end":{"line":168,"column":20}},"loc":{"start":{"line":168,"column":25},"end":{"line":168,"column":62}},"line":168},"15":{"name":"(anonymous_15)","decl":{"start":{"line":237,"column":22},"end":{"line":237,"column":23}},"loc":{"start":{"line":238,"column":14},"end":{"line":238,"column":56}},"line":238}},"branchMap":{"0":{"loc":{"start":{"line":58,"column":6},"end":{"line":79,"column":7}},"type":"if","locations":[{"start":{"line":58,"column":6},"end":{"line":79,"column":7}},{"start":{"line":75,"column":14},"end":{"line":79,"column":7}}],"line":58},"1":{"loc":{"start":{"line":60,"column":6},"end":{"line":75,"column":7}},"type":"if","locations":[{"start":{"line":60,"column":6},"end":{"line":75,"column":7}},{"start":{},"end":{}}],"line":60},"2":{"loc":{"start":{"line":60,"column":10},"end":{"line":60,"column":64}},"type":"binary-expr","locations":[{"start":{"line":60,"column":10},"end":{"line":60,"column":25}},{"start":{"line":60,"column":29},"end":{"line":60,"column":64}}],"line":60},"3":{"loc":{"start":{"line":122,"column":6},"end":{"line":137,"column":7}},"type":"if","locations":[{"start":{"line":122,"column":6},"end":{"line":137,"column":7}},{"start":{"line":133,"column":13},"end":{"line":137,"column":7}}],"line":122},"4":{"loc":{"start":{"line":168,"column":25},"end":{"line":168,"column":62}},"type":"binary-expr","locations":[{"start":{"line":168,"column":25},"end":{"line":168,"column":40}},{"start":{"line":168,"column":44},"end":{"line":168,"column":62}}],"line":168},"5":{"loc":{"start":{"line":229,"column":14},"end":{"line":231,"column":22}},"type":"cond-expr","locations":[{"start":{"line":230,"column":18},"end":{"line":230,"column":70}},{"start":{"line":231,"column":18},"end":{"line":231,"column":22}}],"line":229}},"s":{"0":1,"1":6,"2":6,"3":6,"4":6,"5":6,"6":6,"7":6,"8":6,"9":6,"10":5,"11":6,"12":0,"13":6,"14":4,"15":4,"16":0,"17":0,"18":0,"19":0,"20":6,"21":0,"22":0,"23":0,"24":0,"25":0,"26":0,"27":0,"28":0,"29":0,"30":0,"31":0,"32":0,"33":0,"34":0,"35":6,"36":4,"37":6,"38":0,"39":0,"40":0,"41":0,"42":0,"43":0,"44":0,"45":6,"46":0,"47":0,"48":0,"49":0,"50":0,"51":0,"52":0,"53":0,"54":0,"55":0,"56":0,"57":0,"58":0,"59":0,"60":6,"61":1,"62":0,"63":0},"f":{"0":6,"1":5,"2":0,"3":4,"4":0,"5":0,"6":0,"7":0,"8":4,"9":0,"10":0,"11":0,"12":0,"13":1,"14":0,"15":0},"b":{"0":[0,0],"1":[0,0],"2":[0,0],"3":[0,0],"4":[0,0],"5":[0,6]},"_coverageSchema":"1a1c01bbd47fc00a2c39e90264f33305004495a9","hash":"ecd46bce10bbaa8b0a5fc8bc0b4979ac7a0ad004"}
,"D:\\Forex_Remittance\\forex-remittance\\frontend\\src\\benificiaryform\\displayform.js": {"path":"D:\\Forex_Remittance\\forex-remittance\\frontend\\src\\benificiaryform\\displayform.js","statementMap":{"0":{"start":{"line":9,"column":46},"end":{"line":9,"column":58}},"1":{"start":{"line":10,"column":19},"end":{"line":10,"column":56}},"2":{"start":{"line":12,"column":4},"end":{"line":23,"column":11}},"3":{"start":{"line":13,"column":26},"end":{"line":20,"column":9}},"4":{"start":{"line":14,"column":12},"end":{"line":19,"column":13}},"5":{"start":{"line":15,"column":33},"end":{"line":15,"column":86}},"6":{"start":{"line":16,"column":16},"end":{"line":16,"column":48}},"7":{"start":{"line":18,"column":16},"end":{"line":18,"column":73}},"8":{"start":{"line":22,"column":8},"end":{"line":22,"column":20}},"9":{"start":{"line":25,"column":4},"end":{"line":42,"column":6}},"10":{"start":{"line":35,"column":20},"end":{"line":38,"column":25}}},"fnMap":{"0":{"name":"DisplayBeneficiary","decl":{"start":{"line":8,"column":9},"end":{"line":8,"column":27}},"loc":{"start":{"line":8,"column":30},"end":{"line":43,"column":1}},"line":8},"1":{"name":"(anonymous_1)","decl":{"start":{"line":12,"column":14},"end":{"line":12,"column":15}},"loc":{"start":{"line":12,"column":20},"end":{"line":23,"column":5}},"line":12},"2":{"name":"(anonymous_2)","decl":{"start":{"line":13,"column":26},"end":{"line":13,"column":27}},"loc":{"start":{"line":13,"column":38},"end":{"line":20,"column":9}},"line":13},"3":{"name":"(anonymous_3)","decl":{"start":{"line":34,"column":35},"end":{"line":34,"column":36}},"loc":{"start":{"line":35,"column":20},"end":{"line":38,"column":25}},"line":35}},"branchMap":{},"s":{"0":7,"1":6,"2":6,"3":0,"4":0,"5":0,"6":0,"7":0,"8":0,"9":6,"10":0},"f":{"0":7,"1":0,"2":0,"3":0},"b":{},"_coverageSchema":"1a1c01bbd47fc00a2c39e90264f33305004495a9","hash":"a37bb5b00c3aab18cab4413855dc545132f79895"}
,"D:\\Forex_Remittance\\forex-remittance\\frontend\\src\\components\\Landingpage\\landingpage.js": {"path":"D:\\Forex_Remittance\\forex-remittance\\frontend\\src\\components\\Landingpage\\landingpage.js","statementMap":{"0":{"start":{"line":7,"column":32},"end":{"line":7,"column":47}},"1":{"start":{"line":8,"column":26},"end":{"line":10,"column":3}},"2":{"start":{"line":9,"column":4},"end":{"line":9,"column":26}},"3":{"start":{"line":12,"column":2},"end":{"line":28,"column":4}}},"fnMap":{"0":{"name":"LandingPage","decl":{"start":{"line":6,"column":9},"end":{"line":6,"column":20}},"loc":{"start":{"line":6,"column":23},"end":{"line":29,"column":1}},"line":6},"1":{"name":"(anonymous_1)","decl":{"start":{"line":8,"column":26},"end":{"line":8,"column":27}},"loc":{"start":{"line":8,"column":41},"end":{"line":10,"column":3}},"line":8}},"branchMap":{"0":{"loc":{"start":{"line":17,"column":7},"end":{"line":26,"column":7}},"type":"cond-expr","locations":[{"start":{"line":18,"column":8},"end":{"line":20,"column":14}},{"start":{"line":22,"column":8},"end":{"line":25,"column":11}}],"line":17}},"s":{"0":0,"1":0,"2":0,"3":0},"f":{"0":0,"1":0},"b":{"0":[0,0]}}
,"D:\\Forex_Remittance\\forex-remittance\\frontend\\src\\components\\RateConverter\\CurrencyConverter.js": {"path":"D:\\Forex_Remittance\\forex-remittance\\frontend\\src\\components\\RateConverter\\CurrencyConverter.js","statementMap":{"0":{"start":{"line":4,"column":26},"end":{"line":17,"column":1}},"1":{"start":{"line":5,"column":2},"end":{"line":16,"column":4}},"2":{"start":{"line":7,"column":45},"end":{"line":7,"column":75}},"3":{"start":{"line":8,"column":48},"end":{"line":8,"column":80}},"4":{"start":{"line":10,"column":10},"end":{"line":12,"column":19}},"5":{"start":{"line":19,"column":0},"end":{"line":25,"column":2}}},"fnMap":{"0":{"name":"(anonymous_0)","decl":{"start":{"line":4,"column":26},"end":{"line":4,"column":27}},"loc":{"start":{"line":4,"column":98},"end":{"line":17,"column":1}},"line":4},"1":{"name":"(anonymous_1)","decl":{"start":{"line":7,"column":38},"end":{"line":7,"column":39}},"loc":{"start":{"line":7,"column":45},"end":{"line":7,"column":75}},"line":7},"2":{"name":"(anonymous_2)","decl":{"start":{"line":8,"column":41},"end":{"line":8,"column":42}},"loc":{"start":{"line":8,"column":48},"end":{"line":8,"column":80}},"line":8},"3":{"name":"(anonymous_3)","decl":{"start":{"line":9,"column":24},"end":{"line":9,"column":25}},"loc":{"start":{"line":10,"column":10},"end":{"line":12,"column":19}},"line":10}},"branchMap":{},"s":{"0":0,"1":0,"2":0,"3":0,"4":0,"5":0},"f":{"0":0,"1":0,"2":0,"3":0},"b":{}}
,"D:\\Forex_Remittance\\forex-remittance\\frontend\\src\\components\\RateConverter\\currency.js": {"path":"D:\\Forex_Remittance\\forex-remittance\\frontend\\src\\components\\RateConverter\\currency.js","statementMap":{},"fnMap":{},"branchMap":{},"s":{},"f":{},"b":{}}
,"D:\\Forex_Remittance\\forex-remittance\\frontend\\src\\components\\dashboard\\allchart.js": {"path":"D:\\Forex_Remittance\\forex-remittance\\frontend\\src\\components\\dashboard\\allchart.js","statementMap":{"0":{"start":{"line":8,"column":2},"end":{"line":23,"column":4}}},"fnMap":{"0":{"name":"AllChart","decl":{"start":{"line":7,"column":9},"end":{"line":7,"column":17}},"loc":{"start":{"line":7,"column":20},"end":{"line":24,"column":1}},"line":7}},"branchMap":{},"s":{"0":0},"f":{"0":0},"b":{}}
,"D:\\Forex_Remittance\\forex-remittance\\frontend\\src\\components\\dashboard\\chartbar.js": {"path":"D:\\Forex_Remittance\\forex-remittance\\frontend\\src\\components\\dashboard\\chartbar.js","statementMap":{"0":{"start":{"line":5,"column":17},"end":{"line":47,"column":1}},"1":{"start":{"line":6,"column":19},"end":{"line":6,"column":31}},"2":{"start":{"line":7,"column":24},"end":{"line":7,"column":36}},"3":{"start":{"line":8,"column":36},"end":{"line":8,"column":74}},"4":{"start":{"line":9,"column":17},"end":{"line":9,"column":54}},"5":{"start":{"line":10,"column":2},"end":{"line":15,"column":9}},"6":{"start":{"line":12,"column":4},"end":{"line":14,"column":68}},"7":{"start":{"line":13,"column":24},"end":{"line":13,"column":51}},"8":{"start":{"line":14,"column":22},"end":{"line":14,"column":66}},"9":{"start":{"line":17,"column":2},"end":{"line":44,"column":18}},"10":{"start":{"line":18,"column":16},"end":{"line":18,"column":49}},"11":{"start":{"line":21,"column":4},"end":{"line":23,"column":5}},"12":{"start":{"line":22,"column":6},"end":{"line":22,"column":38}},"13":{"start":{"line":26,"column":4},"end":{"line":36,"column":7}},"14":{"start":{"line":39,"column":4},"end":{"line":43,"column":6}},"15":{"start":{"line":40,"column":6},"end":{"line":42,"column":7}},"16":{"start":{"line":41,"column":8},"end":{"line":41,"column":40}},"17":{"start":{"line":46,"column":2},"end":{"line":46,"column":60}}},"fnMap":{"0":{"name":"(anonymous_0)","decl":{"start":{"line":5,"column":17},"end":{"line":5,"column":18}},"loc":{"start":{"line":5,"column":23},"end":{"line":47,"column":1}},"line":5},"1":{"name":"(anonymous_1)","decl":{"start":{"line":10,"column":12},"end":{"line":10,"column":13}},"loc":{"start":{"line":10,"column":18},"end":{"line":15,"column":3}},"line":10},"2":{"name":"(anonymous_2)","decl":{"start":{"line":13,"column":12},"end":{"line":13,"column":13}},"loc":{"start":{"line":13,"column":24},"end":{"line":13,"column":51}},"line":13},"3":{"name":"(anonymous_3)","decl":{"start":{"line":14,"column":13},"end":{"line":14,"column":14}},"loc":{"start":{"line":14,"column":22},"end":{"line":14,"column":66}},"line":14},"4":{"name":"(anonymous_4)","decl":{"start":{"line":17,"column":12},"end":{"line":17,"column":13}},"loc":{"start":{"line":17,"column":18},"end":{"line":44,"column":3}},"line":17},"5":{"name":"(anonymous_5)","decl":{"start":{"line":39,"column":11},"end":{"line":39,"column":12}},"loc":{"start":{"line":39,"column":17},"end":{"line":43,"column":5}},"line":39}},"branchMap":{"0":{"loc":{"start":{"line":21,"column":4},"end":{"line":23,"column":5}},"type":"if","locations":[{"start":{"line":21,"column":4},"end":{"line":23,"column":5}},{"start":{},"end":{}}],"line":21},"1":{"loc":{"start":{"line":40,"column":6},"end":{"line":42,"column":7}},"type":"if","locations":[{"start":{"line":40,"column":6},"end":{"line":42,"column":7}},{"start":{},"end":{}}],"line":40}},"s":{"0":1,"1":2,"2":2,"3":2,"4":2,"5":2,"6":2,"7":0,"8":2,"9":2,"10":2,"11":2,"12":0,"13":2,"14":2,"15":2,"16":2,"17":2},"f":{"0":2,"1":2,"2":0,"3":2,"4":2,"5":2},"b":{"0":[0,2],"1":[2,0]},"_coverageSchema":"1a1c01bbd47fc00a2c39e90264f33305004495a9","hash":"346163ad3926d012aa92cfa271b80cb8f05f2b85"}
,"D:\\Forex_Remittance\\forex-remittance\\frontend\\src\\components\\dashboard\\chartline.js": {"path":"D:\\Forex_Remittance\\forex-remittance\\frontend\\src\\components\\dashboard\\chartline.js","statementMap":{"0":{"start":{"line":5,"column":18},"end":{"line":47,"column":1}},"1":{"start":{"line":6,"column":19},"end":{"line":6,"column":31}},"2":{"start":{"line":7,"column":24},"end":{"line":7,"column":36}},"3":{"start":{"line":8,"column":36},"end":{"line":8,"column":74}},"4":{"start":{"line":9,"column":17},"end":{"line":9,"column":54}},"5":{"start":{"line":10,"column":2},"end":{"line":15,"column":9}},"6":{"start":{"line":12,"column":6},"end":{"line":14,"column":68}},"7":{"start":{"line":13,"column":24},"end":{"line":13,"column":51}},"8":{"start":{"line":14,"column":22},"end":{"line":14,"column":66}},"9":{"start":{"line":17,"column":2},"end":{"line":44,"column":18}},"10":{"start":{"line":18,"column":16},"end":{"line":18,"column":49}},"11":{"start":{"line":21,"column":4},"end":{"line":23,"column":5}},"12":{"start":{"line":22,"column":6},"end":{"line":22,"column":38}},"13":{"start":{"line":26,"column":4},"end":{"line":36,"column":7}},"14":{"start":{"line":39,"column":4},"end":{"line":43,"column":6}},"15":{"start":{"line":40,"column":6},"end":{"line":42,"column":7}},"16":{"start":{"line":41,"column":8},"end":{"line":41,"column":40}},"17":{"start":{"line":46,"column":2},"end":{"line":46,"column":60}}},"fnMap":{"0":{"name":"(anonymous_0)","decl":{"start":{"line":5,"column":18},"end":{"line":5,"column":19}},"loc":{"start":{"line":5,"column":24},"end":{"line":47,"column":1}},"line":5},"1":{"name":"(anonymous_1)","decl":{"start":{"line":10,"column":12},"end":{"line":10,"column":13}},"loc":{"start":{"line":10,"column":18},"end":{"line":15,"column":3}},"line":10},"2":{"name":"(anonymous_2)","decl":{"start":{"line":13,"column":12},"end":{"line":13,"column":13}},"loc":{"start":{"line":13,"column":24},"end":{"line":13,"column":51}},"line":13},"3":{"name":"(anonymous_3)","decl":{"start":{"line":14,"column":13},"end":{"line":14,"column":14}},"loc":{"start":{"line":14,"column":22},"end":{"line":14,"column":66}},"line":14},"4":{"name":"(anonymous_4)","decl":{"start":{"line":17,"column":12},"end":{"line":17,"column":13}},"loc":{"start":{"line":17,"column":18},"end":{"line":44,"column":3}},"line":17},"5":{"name":"(anonymous_5)","decl":{"start":{"line":39,"column":11},"end":{"line":39,"column":12}},"loc":{"start":{"line":39,"column":17},"end":{"line":43,"column":5}},"line":39}},"branchMap":{"0":{"loc":{"start":{"line":21,"column":4},"end":{"line":23,"column":5}},"type":"if","locations":[{"start":{"line":21,"column":4},"end":{"line":23,"column":5}},{"start":{},"end":{}}],"line":21},"1":{"loc":{"start":{"line":40,"column":6},"end":{"line":42,"column":7}},"type":"if","locations":[{"start":{"line":40,"column":6},"end":{"line":42,"column":7}},{"start":{},"end":{}}],"line":40}},"s":{"0":1,"1":0,"2":0,"3":0,"4":0,"5":0,"6":0,"7":0,"8":0,"9":0,"10":0,"11":0,"12":0,"13":0,"14":0,"15":0,"16":0,"17":0},"f":{"0":0,"1":0,"2":0,"3":0,"4":0,"5":0},"b":{"0":[0,0],"1":[0,0]},"_coverageSchema":"1a1c01bbd47fc00a2c39e90264f33305004495a9","hash":"52ef601125240a3ef49225666ebe8f54a6fa5446"}
,"D:\\Forex_Remittance\\forex-remittance\\frontend\\src\\components\\dashboard\\chartpie.js": {"path":"D:\\Forex_Remittance\\forex-remittance\\frontend\\src\\components\\dashboard\\chartpie.js","statementMap":{"0":{"start":{"line":6,"column":17},"end":{"line":91,"column":1}},"1":{"start":{"line":7,"column":19},"end":{"line":7,"column":31}},"2":{"start":{"line":8,"column":24},"end":{"line":8,"column":36}},"3":{"start":{"line":9,"column":36},"end":{"line":9,"column":50}},"4":{"start":{"line":10,"column":17},"end":{"line":10,"column":54}},"5":{"start":{"line":11,"column":2},"end":{"line":30,"column":9}},"6":{"start":{"line":12,"column":22},"end":{"line":27,"column":5}},"7":{"start":{"line":13,"column":6},"end":{"line":26,"column":7}},"8":{"start":{"line":15,"column":25},"end":{"line":15,"column":70}},"9":{"start":{"line":16,"column":21},"end":{"line":16,"column":34}},"10":{"start":{"line":19,"column":8},"end":{"line":23,"column":9}},"11":{"start":{"line":20,"column":10},"end":{"line":20,"column":29}},"12":{"start":{"line":22,"column":10},"end":{"line":22,"column":63}},"13":{"start":{"line":25,"column":8},"end":{"line":25,"column":59}},"14":{"start":{"line":29,"column":4},"end":{"line":29,"column":16}},"15":{"start":{"line":32,"column":2},"end":{"line":88,"column":18}},"16":{"start":{"line":33,"column":16},"end":{"line":33,"column":50}},"17":{"start":{"line":36,"column":4},"end":{"line":38,"column":5}},"18":{"start":{"line":37,"column":6},"end":{"line":37,"column":38}},"19":{"start":{"line":40,"column":4},"end":{"line":80,"column":5}},"20":{"start":{"line":42,"column":6},"end":{"line":79,"column":9}},"21":{"start":{"line":72,"column":32},"end":{"line":72,"column":71}},"22":{"start":{"line":73,"column":30},"end":{"line":73,"column":61}},"23":{"start":{"line":74,"column":16},"end":{"line":74,"column":69}},"24":{"start":{"line":83,"column":4},"end":{"line":87,"column":6}},"25":{"start":{"line":84,"column":6},"end":{"line":86,"column":7}},"26":{"start":{"line":85,"column":8},"end":{"line":85,"column":40}},"27":{"start":{"line":90,"column":2},"end":{"line":90,"column":60}}},"fnMap":{"0":{"name":"(anonymous_0)","decl":{"start":{"line":6,"column":17},"end":{"line":6,"column":18}},"loc":{"start":{"line":6,"column":23},"end":{"line":91,"column":1}},"line":6},"1":{"name":"(anonymous_1)","decl":{"start":{"line":11,"column":12},"end":{"line":11,"column":13}},"loc":{"start":{"line":11,"column":18},"end":{"line":30,"column":3}},"line":11},"2":{"name":"(anonymous_2)","decl":{"start":{"line":12,"column":22},"end":{"line":12,"column":23}},"loc":{"start":{"line":12,"column":34},"end":{"line":27,"column":5}},"line":12},"3":{"name":"(anonymous_3)","decl":{"start":{"line":32,"column":12},"end":{"line":32,"column":13}},"loc":{"start":{"line":32,"column":18},"end":{"line":88,"column":3}},"line":32},"4":{"name":"(anonymous_4)","decl":{"start":{"line":71,"column":21},"end":{"line":71,"column":22}},"loc":{"start":{"line":71,"column":44},"end":{"line":75,"column":15}},"line":71},"5":{"name":"(anonymous_5)","decl":{"start":{"line":83,"column":11},"end":{"line":83,"column":12}},"loc":{"start":{"line":83,"column":17},"end":{"line":87,"column":5}},"line":83}},"branchMap":{"0":{"loc":{"start":{"line":19,"column":8},"end":{"line":23,"column":9}},"type":"if","locations":[{"start":{"line":19,"column":8},"end":{"line":23,"column":9}},{"start":{"line":21,"column":15},"end":{"line":23,"column":9}}],"line":19},"1":{"loc":{"start":{"line":19,"column":12},"end":{"line":19,"column":88}},"type":"binary-expr","locations":[{"start":{"line":19,"column":12},"end":{"line":19,"column":16}},{"start":{"line":19,"column":20},"end":{"line":19,"column":31}},{"start":{"line":19,"column":35},"end":{"line":19,"column":44}},{"start":{"line":19,"column":48},"end":{"line":19,"column":68}},{"start":{"line":19,"column":72},"end":{"line":19,"column":88}}],"line":19},"2":{"loc":{"start":{"line":36,"column":4},"end":{"line":38,"column":5}},"type":"if","locations":[{"start":{"line":36,"column":4},"end":{"line":38,"column":5}},{"start":{},"end":{}}],"line":36},"3":{"loc":{"start":{"line":40,"column":4},"end":{"line":80,"column":5}},"type":"if","locations":[{"start":{"line":40,"column":4},"end":{"line":80,"column":5}},{"start":{},"end":{}}],"line":40},"4":{"loc":{"start":{"line":84,"column":6},"end":{"line":86,"column":7}},"type":"if","locations":[{"start":{"line":84,"column":6},"end":{"line":86,"column":7}},{"start":{},"end":{}}],"line":84}},"s":{"0":1,"1":3,"2":3,"3":3,"4":3,"5":3,"6":3,"7":3,"8":3,"9":0,"10":0,"11":0,"12":0,"13":3,"14":3,"15":3,"16":3,"17":3,"18":0,"19":3,"20":0,"21":0,"22":0,"23":0,"24":3,"25":3,"26":0,"27":3},"f":{"0":3,"1":3,"2":3,"3":3,"4":0,"5":3},"b":{"0":[0,0],"1":[0,0,0,0,0],"2":[0,3],"3":[0,3],"4":[0,3]},"_coverageSchema":"1a1c01bbd47fc00a2c39e90264f33305004495a9","hash":"a0aef2f69f611021d0c9d8b18d465dfe1fc51813"}
,"D:\\Forex_Remittance\\forex-remittance\\frontend\\src\\components\\dashboard\\dashboard.js": {"path":"D:\\Forex_Remittance\\forex-remittance\\frontend\\src\\components\\dashboard\\dashboard.js","statementMap":{"0":{"start":{"line":6,"column":2},"end":{"line":11,"column":3}}},"fnMap":{"0":{"name":"Dashboard","decl":{"start":{"line":5,"column":9},"end":{"line":5,"column":18}},"loc":{"start":{"line":5,"column":20},"end":{"line":12,"column":1}},"line":5}},"branchMap":{},"s":{"0":0},"f":{"0":0},"b":{}}
,"D:\\Forex_Remittance\\forex-remittance\\frontend\\src\\components\\dashboard\\mainpage.js": {"path":"D:\\Forex_Remittance\\forex-remittance\\frontend\\src\\components\\dashboard\\mainpage.js","statementMap":{"0":{"start":{"line":5,"column":18},"end":{"line":18,"column":1}},"1":{"start":{"line":6,"column":1},"end":{"line":17,"column":3}}},"fnMap":{"0":{"name":"(anonymous_0)","decl":{"start":{"line":5,"column":18},"end":{"line":5,"column":19}},"loc":{"start":{"line":5,"column":24},"end":{"line":18,"column":1}},"line":5}},"branchMap":{},"s":{"0":0,"1":0},"f":{"0":0},"b":{}}
,"D:\\Forex_Remittance\\forex-remittance\\frontend\\src\\components\\dashboard\\nav.js": {"path":"D:\\Forex_Remittance\\forex-remittance\\frontend\\src\\components\\dashboard\\nav.js","statementMap":{"0":{"start":{"line":7,"column":2},"end":{"line":26,"column":4}}},"fnMap":{"0":{"name":"Header","decl":{"start":{"line":6,"column":9},"end":{"line":6,"column":15}},"loc":{"start":{"line":6,"column":18},"end":{"line":27,"column":1}},"line":6}},"branchMap":{},"s":{"0":0},"f":{"0":0},"b":{}}
,"D:\\Forex_Remittance\\forex-remittance\\frontend\\src\\components\\dashboard\\sidebar.js": {"path":"D:\\Forex_Remittance\\forex-remittance\\frontend\\src\\components\\dashboard\\sidebar.js","statementMap":{"0":{"start":{"line":13,"column":16},"end":{"line":79,"column":1}},"1":{"start":{"line":14,"column":36},"end":{"line":14,"column":57}},"2":{"start":{"line":16,"column":25},"end":{"line":18,"column":3}},"3":{"start":{"line":17,"column":4},"end":{"line":17,"column":26}},"4":{"start":{"line":20,"column":2},"end":{"line":78,"column":4}},"5":{"start":{"line":35,"column":29},"end":{"line":35,"column":56}},"6":{"start":{"line":48,"column":29},"end":{"line":48,"column":58}},"7":{"start":{"line":61,"column":29},"end":{"line":61,"column":62}}},"fnMap":{"0":{"name":"(anonymous_0)","decl":{"start":{"line":13,"column":16},"end":{"line":13,"column":17}},"loc":{"start":{"line":13,"column":22},"end":{"line":79,"column":1}},"line":13},"1":{"name":"(anonymous_1)","decl":{"start":{"line":16,"column":25},"end":{"line":16,"column":26}},"loc":{"start":{"line":16,"column":38},"end":{"line":18,"column":3}},"line":16},"2":{"name":"(anonymous_2)","decl":{"start":{"line":35,"column":23},"end":{"line":35,"column":24}},"loc":{"start":{"line":35,"column":29},"end":{"line":35,"column":56}},"line":35},"3":{"name":"(anonymous_3)","decl":{"start":{"line":48,"column":23},"end":{"line":48,"column":24}},"loc":{"start":{"line":48,"column":29},"end":{"line":48,"column":58}},"line":48},"4":{"name":"(anonymous_4)","decl":{"start":{"line":61,"column":23},"end":{"line":61,"column":24}},"loc":{"start":{"line":61,"column":29},"end":{"line":61,"column":62}},"line":61}},"branchMap":{"0":{"loc":{"start":{"line":37,"column":16},"end":{"line":37,"column":57}},"type":"cond-expr","locations":[{"start":{"line":37,"column":44},"end":{"line":37,"column":52}},{"start":{"line":37,"column":55},"end":{"line":37,"column":57}}],"line":37},"1":{"loc":{"start":{"line":50,"column":16},"end":{"line":50,"column":59}},"type":"cond-expr","locations":[{"start":{"line":50,"column":46},"end":{"line":50,"column":54}},{"start":{"line":50,"column":57},"end":{"line":50,"column":59}}],"line":50},"2":{"loc":{"start":{"line":63,"column":16},"end":{"line":63,"column":63}},"type":"cond-expr","locations":[{"start":{"line":63,"column":50},"end":{"line":63,"column":58}},{"start":{"line":63,"column":61},"end":{"line":63,"column":63}}],"line":63}},"s":{"0":0,"1":0,"2":0,"3":0,"4":0,"5":0,"6":0,"7":0},"f":{"0":0,"1":0,"2":0,"3":0,"4":0},"b":{"0":[0,0],"1":[0,0],"2":[0,0]}}
,"D:\\Forex_Remittance\\forex-remittance\\frontend\\src\\components\\dashboard\\transactionlist.js": {"path":"D:\\Forex_Remittance\\forex-remittance\\frontend\\src\\components\\dashboard\\transactionlist.js","statementMap":{"0":{"start":{"line":7,"column":24},"end":{"line":65,"column":1}},"1":{"start":{"line":8,"column":32},"end":{"line":8,"column":44}},"2":{"start":{"line":9,"column":32},"end":{"line":9,"column":46}},"3":{"start":{"line":10,"column":17},"end":{"line":10,"column":54}},"4":{"start":{"line":12,"column":2},"end":{"line":28,"column":9}},"5":{"start":{"line":14,"column":4},"end":{"line":27,"column":9}},"6":{"start":{"line":17,"column":8},"end":{"line":21,"column":9}},"7":{"start":{"line":18,"column":10},"end":{"line":18,"column":36}},"8":{"start":{"line":20,"column":10},"end":{"line":20,"column":82}},"9":{"start":{"line":22,"column":8},"end":{"line":22,"column":26}},"10":{"start":{"line":25,"column":8},"end":{"line":25,"column":58}},"11":{"start":{"line":26,"column":8},"end":{"line":26,"column":26}},"12":{"start":{"line":31,"column":21},"end":{"line":40,"column":3}},"13":{"start":{"line":43,"column":22},"end":{"line":50,"column":3}},"14":{"start":{"line":52,"column":2},"end":{"line":54,"column":3}},"15":{"start":{"line":53,"column":4},"end":{"line":53,"column":29}},"16":{"start":{"line":56,"column":2},"end":{"line":64,"column":4}}},"fnMap":{"0":{"name":"(anonymous_0)","decl":{"start":{"line":7,"column":24},"end":{"line":7,"column":25}},"loc":{"start":{"line":7,"column":30},"end":{"line":65,"column":1}},"line":7},"1":{"name":"(anonymous_1)","decl":{"start":{"line":12,"column":12},"end":{"line":12,"column":13}},"loc":{"start":{"line":12,"column":18},"end":{"line":28,"column":3}},"line":12},"2":{"name":"(anonymous_2)","decl":{"start":{"line":15,"column":12},"end":{"line":15,"column":13}},"loc":{"start":{"line":15,"column":24},"end":{"line":23,"column":7}},"line":15},"3":{"name":"(anonymous_3)","decl":{"start":{"line":24,"column":13},"end":{"line":24,"column":14}},"loc":{"start":{"line":24,"column":22},"end":{"line":27,"column":7}},"line":24}},"branchMap":{"0":{"loc":{"start":{"line":17,"column":8},"end":{"line":21,"column":9}},"type":"if","locations":[{"start":{"line":17,"column":8},"end":{"line":21,"column":9}},{"start":{"line":19,"column":15},"end":{"line":21,"column":9}}],"line":17},"1":{"loc":{"start":{"line":52,"column":2},"end":{"line":54,"column":3}},"type":"if","locations":[{"start":{"line":52,"column":2},"end":{"line":54,"column":3}},{"start":{},"end":{}}],"line":52}},"s":{"0":0,"1":0,"2":0,"3":0,"4":0,"5":0,"6":0,"7":0,"8":0,"9":0,"10":0,"11":0,"12":0,"13":0,"14":0,"15":0,"16":0},"f":{"0":0,"1":0,"2":0,"3":0},"b":{"0":[0,0],"1":[0,0]}}
,"D:\\Forex_Remittance\\forex-remittance\\frontend\\src\\components\\footer\\footer.js": {"path":"D:\\Forex_Remittance\\forex-remittance\\frontend\\src\\components\\footer\\footer.js","statementMap":{"0":{"start":{"line":9,"column":2},"end":{"line":47,"column":4}}},"fnMap":{"0":{"name":"Footer","decl":{"start":{"line":8,"column":9},"end":{"line":8,"column":15}},"loc":{"start":{"line":8,"column":18},"end":{"line":48,"column":1}},"line":8}},"branchMap":{},"s":{"0":0},"f":{"0":0},"b":{}}
,"D:\\Forex_Remittance\\forex-remittance\\frontend\\src\\components\\header\\header.js": {"path":"D:\\Forex_Remittance\\forex-remittance\\frontend\\src\\components\\header\\header.js","statementMap":{"0":{"start":{"line":7,"column":15},"end":{"line":30,"column":1}},"1":{"start":{"line":8,"column":2},"end":{"line":29,"column":4}}},"fnMap":{"0":{"name":"(anonymous_0)","decl":{"start":{"line":7,"column":15},"end":{"line":7,"column":16}},"loc":{"start":{"line":7,"column":21},"end":{"line":30,"column":1}},"line":7}},"branchMap":{},"s":{"0":0,"1":0},"f":{"0":0},"b":{}}
,"D:\\Forex_Remittance\\forex-remittance\\frontend\\src\\components\\mainsection\\main.js": {"path":"D:\\Forex_Remittance\\forex-remittance\\frontend\\src\\components\\mainsection\\main.js","statementMap":{"0":{"start":{"line":7,"column":2},"end":{"line":167,"column":4}}},"fnMap":{"0":{"name":"Main","decl":{"start":{"line":6,"column":9},"end":{"line":6,"column":13}},"loc":{"start":{"line":6,"column":16},"end":{"line":168,"column":1}},"line":6}},"branchMap":{},"s":{"0":0},"f":{"0":0},"b":{}}
,"D:\\Forex_Remittance\\forex-remittance\\frontend\\src\\firebase\\firebase.js": {"path":"D:\\Forex_Remittance\\forex-remittance\\frontend\\src\\firebase\\firebase.js","statementMap":{"0":{"start":{"line":8,"column":23},"end":{"line":16,"column":3}},"1":{"start":{"line":19,"column":19},"end":{"line":19,"column":48}},"2":{"start":{"line":20,"column":25},"end":{"line":20,"column":42}},"3":{"start":{"line":21,"column":20},"end":{"line":21,"column":32}}},"fnMap":{},"branchMap":{},"s":{"0":0,"1":0,"2":0,"3":0},"f":{},"b":{}}
,"D:\\Forex_Remittance\\forex-remittance\\frontend\\src\\forex-remittance\\ForexRemittance.js": {"path":"D:\\Forex_Remittance\\forex-remittance\\frontend\\src\\forex-remittance\\ForexRemittance.js","statementMap":{"0":{"start":{"line":4,"column":28},"end":{"line":265,"column":1}},"1":{"start":{"line":5,"column":38},"end":{"line":5,"column":50}},"2":{"start":{"line":6,"column":44},"end":{"line":6,"column":56}},"3":{"start":{"line":7,"column":30},"end":{"line":7,"column":42}},"4":{"start":{"line":8,"column":42},"end":{"line":8,"column":57}},"5":{"start":{"line":9,"column":46},"end":{"line":9,"column":61}},"6":{"start":{"line":10,"column":32},"end":{"line":10,"column":44}},"7":{"start":{"line":11,"column":40},"end":{"line":11,"column":52}},"8":{"start":{"line":12,"column":46},"end":{"line":12,"column":57}},"9":{"start":{"line":13,"column":48},"end":{"line":13,"column":59}},"10":{"start":{"line":14,"column":42},"end":{"line":14,"column":54}},"11":{"start":{"line":15,"column":54},"end":{"line":15,"column":69}},"12":{"start":{"line":16,"column":17},"end":{"line":16,"column":54}},"13":{"start":{"line":18,"column":26},"end":{"line":24,"column":3}},"14":{"start":{"line":26,"column":2},"end":{"line":40,"column":37}},"15":{"start":{"line":27,"column":32},"end":{"line":37,"column":5}},"16":{"start":{"line":28,"column":6},"end":{"line":36,"column":7}},"17":{"start":{"line":29,"column":25},"end":{"line":31,"column":9}},"18":{"start":{"line":32,"column":21},"end":{"line":32,"column":67}},"19":{"start":{"line":33,"column":8},"end":{"line":33,"column":37}},"20":{"start":{"line":35,"column":8},"end":{"line":35,"column":64}},"21":{"start":{"line":39,"column":4},"end":{"line":39,"column":26}},"22":{"start":{"line":42,"column":2},"end":{"line":56,"column":9}},"23":{"start":{"line":43,"column":30},"end":{"line":53,"column":5}},"24":{"start":{"line":44,"column":6},"end":{"line":52,"column":7}},"25":{"start":{"line":45,"column":25},"end":{"line":45,"column":90}},"26":{"start":{"line":46,"column":26},"end":{"line":46,"column":39}},"27":{"start":{"line":48,"column":27},"end":{"line":48,"column":45}},"28":{"start":{"line":49,"column":8},"end":{"line":49,"column":36}},"29":{"start":{"line":51,"column":8},"end":{"line":51,"column":62}},"30":{"start":{"line":55,"column":4},"end":{"line":55,"column":24}},"31":{"start":{"line":58,"column":2},"end":{"line":65,"column":61}},"32":{"start":{"line":59,"column":37},"end":{"line":62,"column":5}},"33":{"start":{"line":60,"column":24},"end":{"line":60,"column":47}},"34":{"start":{"line":61,"column":6},"end":{"line":61,"column":47}},"35":{"start":{"line":64,"column":4},"end":{"line":64,"column":31}},"36":{"start":{"line":67,"column":36},"end":{"line":72,"column":3}},"37":{"start":{"line":68,"column":4},"end":{"line":70,"column":5}},"38":{"start":{"line":69,"column":6},"end":{"line":69,"column":18}},"39":{"start":{"line":71,"column":4},"end":{"line":71,"column":17}},"40":{"start":{"line":74,"column":23},"end":{"line":115,"column":3}},"41":{"start":{"line":75,"column":4},"end":{"line":75,"column":23}},"42":{"start":{"line":77,"column":4},"end":{"line":114,"column":5}},"43":{"start":{"line":78,"column":6},"end":{"line":81,"column":7}},"44":{"start":{"line":79,"column":8},"end":{"line":79,"column":39}},"45":{"start":{"line":80,"column":8},"end":{"line":80,"column":15}},"46":{"start":{"line":84,"column":29},"end":{"line":84,"column":68}},"47":{"start":{"line":85,"column":6},"end":{"line":85,"column":44}},"48":{"start":{"line":88,"column":6},"end":{"line":88,"column":54}},"49":{"start":{"line":89,"column":6},"end":{"line":89,"column":67}},"50":{"start":{"line":91,"column":31},"end":{"line":100,"column":8}},"51":{"start":{"line":102,"column":6},"end":{"line":102,"column":68}},"52":{"start":{"line":106,"column":6},"end":{"line":106,"column":24}},"53":{"start":{"line":107,"column":6},"end":{"line":107,"column":27}},"54":{"start":{"line":108,"column":6},"end":{"line":108,"column":20}},"55":{"start":{"line":109,"column":6},"end":{"line":109,"column":21}},"56":{"start":{"line":110,"column":6},"end":{"line":110,"column":25}},"57":{"start":{"line":112,"column":6},"end":{"line":112,"column":58}},"58":{"start":{"line":117,"column":18},"end":{"line":125,"column":3}},"59":{"start":{"line":128,"column":4},"end":{"line":135,"column":25}},"60":{"start":{"line":137,"column":2},"end":{"line":264,"column":4}},"61":{"start":{"line":147,"column":16},"end":{"line":147,"column":46}},"62":{"start":{"line":148,"column":16},"end":{"line":148,"column":71}},"63":{"start":{"line":163,"column":31},"end":{"line":163,"column":63}},"64":{"start":{"line":180,"column":31},"end":{"line":180,"column":56}},"65":{"start":{"line":190,"column":21},"end":{"line":190,"column":52}},"66":{"start":{"line":195,"column":6},"end":{"line":197,"column":15}},"67":{"start":{"line":206,"column":21},"end":{"line":206,"column":54}},"68":{"start":{"line":211,"column":6},"end":{"line":213,"column":15}},"69":{"start":{"line":223,"column":31},"end":{"line":223,"column":57}},"70":{"start":{"line":228,"column":16},"end":{"line":230,"column":25}},"71":{"start":{"line":243,"column":31},"end":{"line":243,"column":61}}},"fnMap":{"0":{"name":"(anonymous_0)","decl":{"start":{"line":4,"column":28},"end":{"line":4,"column":29}},"loc":{"start":{"line":4,"column":34},"end":{"line":265,"column":1}},"line":4},"1":{"name":"(anonymous_1)","decl":{"start":{"line":26,"column":12},"end":{"line":26,"column":13}},"loc":{"start":{"line":26,"column":18},"end":{"line":40,"column":3}},"line":26},"2":{"name":"(anonymous_2)","decl":{"start":{"line":27,"column":32},"end":{"line":27,"column":33}},"loc":{"start":{"line":27,"column":44},"end":{"line":37,"column":5}},"line":27},"3":{"name":"(anonymous_3)","decl":{"start":{"line":42,"column":12},"end":{"line":42,"column":13}},"loc":{"start":{"line":42,"column":18},"end":{"line":56,"column":3}},"line":42},"4":{"name":"(anonymous_4)","decl":{"start":{"line":43,"column":30},"end":{"line":43,"column":31}},"loc":{"start":{"line":43,"column":42},"end":{"line":53,"column":5}},"line":43},"5":{"name":"(anonymous_5)","decl":{"start":{"line":58,"column":12},"end":{"line":58,"column":13}},"loc":{"start":{"line":58,"column":18},"end":{"line":65,"column":3}},"line":58},"6":{"name":"(anonymous_6)","decl":{"start":{"line":59,"column":37},"end":{"line":59,"column":38}},"loc":{"start":{"line":59,"column":43},"end":{"line":62,"column":5}},"line":59},"7":{"name":"(anonymous_7)","decl":{"start":{"line":67,"column":36},"end":{"line":67,"column":37}},"loc":{"start":{"line":67,"column":42},"end":{"line":72,"column":3}},"line":67},"8":{"name":"(anonymous_8)","decl":{"start":{"line":74,"column":23},"end":{"line":74,"column":24}},"loc":{"start":{"line":74,"column":36},"end":{"line":115,"column":3}},"line":74},"9":{"name":"(anonymous_9)","decl":{"start":{"line":146,"column":24},"end":{"line":146,"column":25}},"loc":{"start":{"line":146,"column":31},"end":{"line":149,"column":15}},"line":146},"10":{"name":"(anonymous_10)","decl":{"start":{"line":163,"column":24},"end":{"line":163,"column":25}},"loc":{"start":{"line":163,"column":31},"end":{"line":163,"column":63}},"line":163},"11":{"name":"(anonymous_11)","decl":{"start":{"line":180,"column":24},"end":{"line":180,"column":25}},"loc":{"start":{"line":180,"column":31},"end":{"line":180,"column":56}},"line":180},"12":{"name":"(anonymous_12)","decl":{"start":{"line":190,"column":14},"end":{"line":190,"column":15}},"loc":{"start":{"line":190,"column":21},"end":{"line":190,"column":52}},"line":190},"13":{"name":"(anonymous_13)","decl":{"start":{"line":194,"column":22},"end":{"line":194,"column":23}},"loc":{"start":{"line":195,"column":6},"end":{"line":197,"column":15}},"line":195},"14":{"name":"(anonymous_14)","decl":{"start":{"line":206,"column":14},"end":{"line":206,"column":15}},"loc":{"start":{"line":206,"column":21},"end":{"line":206,"column":54}},"line":206},"15":{"name":"(anonymous_15)","decl":{"start":{"line":210,"column":22},"end":{"line":210,"column":23}},"loc":{"start":{"line":211,"column":6},"end":{"line":213,"column":15}},"line":211},"16":{"name":"(anonymous_16)","decl":{"start":{"line":223,"column":24},"end":{"line":223,"column":25}},"loc":{"start":{"line":223,"column":31},"end":{"line":223,"column":57}},"line":223},"17":{"name":"(anonymous_17)","decl":{"start":{"line":227,"column":27},"end":{"line":227,"column":28}},"loc":{"start":{"line":228,"column":16},"end":{"line":230,"column":25}},"line":228},"18":{"name":"(anonymous_18)","decl":{"start":{"line":243,"column":24},"end":{"line":243,"column":25}},"loc":{"start":{"line":243,"column":31},"end":{"line":243,"column":61}},"line":243}},"branchMap":{"0":{"loc":{"start":{"line":33,"column":26},"end":{"line":33,"column":35}},"type":"binary-expr","locations":[{"start":{"line":33,"column":26},"end":{"line":33,"column":30}},{"start":{"line":33,"column":34},"end":{"line":33,"column":35}}],"line":33},"1":{"loc":{"start":{"line":68,"column":4},"end":{"line":70,"column":5}},"type":"if","locations":[{"start":{"line":68,"column":4},"end":{"line":70,"column":5}},{"start":{},"end":{}}],"line":68},"2":{"loc":{"start":{"line":78,"column":6},"end":{"line":81,"column":7}},"type":"if","locations":[{"start":{"line":78,"column":6},"end":{"line":81,"column":7}},{"start":{},"end":{}}],"line":78},"3":{"loc":{"start":{"line":128,"column":4},"end":{"line":135,"column":25}},"type":"binary-expr","locations":[{"start":{"line":128,"column":4},"end":{"line":128,"column":14}},{"start":{"line":129,"column":4},"end":{"line":129,"column":17}},{"start":{"line":130,"column":4},"end":{"line":130,"column":10}},{"start":{"line":131,"column":4},"end":{"line":131,"column":16}},{"start":{"line":132,"column":4},"end":{"line":132,"column":18}},{"start":{"line":133,"column":4},"end":{"line":133,"column":11}},{"start":{"line":134,"column":4},"end":{"line":134,"column":15}},{"start":{"line":135,"column":4},"end":{"line":135,"column":25}}],"line":128}},"s":{"0":0,"1":0,"2":0,"3":0,"4":0,"5":0,"6":0,"7":0,"8":0,"9":0,"10":0,"11":0,"12":0,"13":0,"14":0,"15":0,"16":0,"17":0,"18":0,"19":0,"20":0,"21":0,"22":0,"23":0,"24":0,"25":0,"26":0,"27":0,"28":0,"29":0,"30":0,"31":0,"32":0,"33":0,"34":0,"35":0,"36":0,"37":0,"38":0,"39":0,"40":0,"41":0,"42":0,"43":0,"44":0,"45":0,"46":0,"47":0,"48":0,"49":0,"50":0,"51":0,"52":0,"53":0,"54":0,"55":0,"56":0,"57":0,"58":0,"59":0,"60":0,"61":0,"62":0,"63":0,"64":0,"65":0,"66":0,"67":0,"68":0,"69":0,"70":0,"71":0},"f":{"0":0,"1":0,"2":0,"3":0,"4":0,"5":0,"6":0,"7":0,"8":0,"9":0,"10":0,"11":0,"12":0,"13":0,"14":0,"15":0,"16":0,"17":0,"18":0},"b":{"0":[0,0],"1":[0,0],"2":[0,0],"3":[0,0,0,0,0,0,0,0]}}
,"D:\\Forex_Remittance\\forex-remittance\\frontend\\src\\loginPage\\login.js": {"path":"D:\\Forex_Remittance\\forex-remittance\\frontend\\src\\loginPage\\login.js","statementMap":{"0":{"start":{"line":9,"column":18},"end":{"line":166,"column":1}},"1":{"start":{"line":10,"column":36},"end":{"line":13,"column":4}},"2":{"start":{"line":14,"column":32},"end":{"line":14,"column":44}},"3":{"start":{"line":15,"column":30},"end":{"line":15,"column":42}},"4":{"start":{"line":16,"column":42},"end":{"line":16,"column":57}},"5":{"start":{"line":17,"column":19},"end":{"line":17,"column":32}},"6":{"start":{"line":18,"column":17},"end":{"line":18,"column":54}},"7":{"start":{"line":20,"column":23},"end":{"line":24,"column":3}},"8":{"start":{"line":21,"column":28},"end":{"line":21,"column":36}},"9":{"start":{"line":22,"column":4},"end":{"line":22,"column":50}},"10":{"start":{"line":23,"column":4},"end":{"line":23,"column":41}},"11":{"start":{"line":26,"column":35},"end":{"line":28,"column":3}},"12":{"start":{"line":27,"column":4},"end":{"line":27,"column":35}},"13":{"start":{"line":30,"column":22},"end":{"line":57,"column":3}},"14":{"start":{"line":31,"column":4},"end":{"line":31,"column":23}},"15":{"start":{"line":33,"column":29},"end":{"line":33,"column":31}},"16":{"start":{"line":37,"column":4},"end":{"line":56,"column":5}},"17":{"start":{"line":38,"column":6},"end":{"line":38,"column":34}},"18":{"start":{"line":40,"column":6},"end":{"line":55,"column":7}},"19":{"start":{"line":41,"column":25},"end":{"line":44,"column":9}},"20":{"start":{"line":46,"column":8},"end":{"line":52,"column":9}},"21":{"start":{"line":47,"column":10},"end":{"line":47,"column":41}},"22":{"start":{"line":48,"column":10},"end":{"line":48,"column":32}},"23":{"start":{"line":51,"column":10},"end":{"line":51,"column":44}},"24":{"start":{"line":54,"column":8},"end":{"line":54,"column":39}},"25":{"start":{"line":59,"column":2},"end":{"line":165,"column":4}},"26":{"start":{"line":143,"column":24},"end":{"line":143,"column":44}},"27":{"start":{"line":146,"column":24},"end":{"line":148,"column":25}},"28":{"start":{"line":147,"column":26},"end":{"line":147,"column":46}}},"fnMap":{"0":{"name":"(anonymous_0)","decl":{"start":{"line":9,"column":18},"end":{"line":9,"column":19}},"loc":{"start":{"line":9,"column":24},"end":{"line":166,"column":1}},"line":9},"1":{"name":"(anonymous_1)","decl":{"start":{"line":20,"column":23},"end":{"line":20,"column":24}},"loc":{"start":{"line":20,"column":30},"end":{"line":24,"column":3}},"line":20},"2":{"name":"(anonymous_2)","decl":{"start":{"line":26,"column":35},"end":{"line":26,"column":36}},"loc":{"start":{"line":26,"column":41},"end":{"line":28,"column":3}},"line":26},"3":{"name":"(anonymous_3)","decl":{"start":{"line":30,"column":22},"end":{"line":30,"column":23}},"loc":{"start":{"line":30,"column":35},"end":{"line":57,"column":3}},"line":30},"4":{"name":"(anonymous_4)","decl":{"start":{"line":142,"column":31},"end":{"line":142,"column":32}},"loc":{"start":{"line":142,"column":37},"end":{"line":144,"column":23}},"line":142},"5":{"name":"(anonymous_5)","decl":{"start":{"line":145,"column":33},"end":{"line":145,"column":34}},"loc":{"start":{"line":145,"column":40},"end":{"line":149,"column":23}},"line":145}},"branchMap":{"0":{"loc":{"start":{"line":37,"column":4},"end":{"line":56,"column":5}},"type":"if","locations":[{"start":{"line":37,"column":4},"end":{"line":56,"column":5}},{"start":{"line":39,"column":11},"end":{"line":56,"column":5}}],"line":37},"1":{"loc":{"start":{"line":46,"column":8},"end":{"line":52,"column":9}},"type":"if","locations":[{"start":{"line":46,"column":8},"end":{"line":52,"column":9}},{"start":{"line":50,"column":15},"end":{"line":52,"column":9}}],"line":46},"2":{"loc":{"start":{"line":75,"column":49},"end":{"line":75,"column":85}},"type":"cond-expr","locations":[{"start":{"line":75,"column":69},"end":{"line":75,"column":80}},{"start":{"line":75,"column":83},"end":{"line":75,"column":85}}],"line":75},"3":{"loc":{"start":{"line":85,"column":23},"end":{"line":92,"column":23}},"type":"binary-expr","locations":[{"start":{"line":85,"column":23},"end":{"line":85,"column":40}},{"start":{"line":86,"column":24},"end":{"line":91,"column":42}}],"line":85},"4":{"loc":{"start":{"line":94,"column":21},"end":{"line":98,"column":21}},"type":"binary-expr","locations":[{"start":{"line":94,"column":21},"end":{"line":94,"column":38}},{"start":{"line":95,"column":22},"end":{"line":97,"column":34}}],"line":94},"5":{"loc":{"start":{"line":101,"column":49},"end":{"line":101,"column":83}},"type":"cond-expr","locations":[{"start":{"line":101,"column":67},"end":{"line":101,"column":78}},{"start":{"line":101,"column":81},"end":{"line":101,"column":83}}],"line":101},"6":{"loc":{"start":{"line":105,"column":30},"end":{"line":105,"column":64}},"type":"cond-expr","locations":[{"start":{"line":105,"column":45},"end":{"line":105,"column":51}},{"start":{"line":105,"column":54},"end":{"line":105,"column":64}}],"line":105},"7":{"loc":{"start":{"line":116,"column":32},"end":{"line":116,"column":65}},"type":"cond-expr","locations":[{"start":{"line":116,"column":47},"end":{"line":116,"column":52}},{"start":{"line":116,"column":55},"end":{"line":116,"column":65}}],"line":116},"8":{"loc":{"start":{"line":119,"column":23},"end":{"line":126,"column":23}},"type":"binary-expr","locations":[{"start":{"line":119,"column":23},"end":{"line":119,"column":38}},{"start":{"line":120,"column":24},"end":{"line":125,"column":42}}],"line":119},"9":{"loc":{"start":{"line":128,"column":21},"end":{"line":132,"column":21}},"type":"binary-expr","locations":[{"start":{"line":128,"column":21},"end":{"line":128,"column":36}},{"start":{"line":129,"column":22},"end":{"line":131,"column":34}}],"line":128},"10":{"loc":{"start":{"line":146,"column":24},"end":{"line":148,"column":25}},"type":"if","locations":[{"start":{"line":146,"column":24},"end":{"line":148,"column":25}},{"start":{},"end":{}}],"line":146},"11":{"loc":{"start":{"line":146,"column":28},"end":{"line":146,"column":62}},"type":"binary-expr","locations":[{"start":{"line":146,"column":28},"end":{"line":146,"column":45}},{"start":{"line":146,"column":49},"end":{"line":146,"column":62}}],"line":146},"12":{"loc":{"start":{"line":158,"column":17},"end":{"line":158,"column":77}},"type":"binary-expr","locations":[{"start":{"line":158,"column":17},"end":{"line":158,"column":24}},{"start":{"line":158,"column":28},"end":{"line":158,"column":77}}],"line":158}},"s":{"0":0,"1":0,"2":0,"3":0,"4":0,"5":0,"6":0,"7":0,"8":0,"9":0,"10":0,"11":0,"12":0,"13":0,"14":0,"15":0,"16":0,"17":0,"18":0,"19":0,"20":0,"21":0,"22":0,"23":0,"24":0,"25":0,"26":0,"27":0,"28":0},"f":{"0":0,"1":0,"2":0,"3":0,"4":0,"5":0},"b":{"0":[0,0],"1":[0,0],"2":[0,0],"3":[0,0],"4":[0,0],"5":[0,0],"6":[0,0],"7":[0,0],"8":[0,0],"9":[0,0],"10":[0,0],"11":[0,0],"12":[0,0]}}
,"D:\\Forex_Remittance\\forex-remittance\\frontend\\src\\phonelogin\\phonelogin.js": {"path":"D:\\Forex_Remittance\\forex-remittance\\frontend\\src\\phonelogin\\phonelogin.js","statementMap":{"0":{"start":{"line":15,"column":28},"end":{"line":15,"column":40}},"1":{"start":{"line":16,"column":24},"end":{"line":16,"column":36}},"2":{"start":{"line":17,"column":42},"end":{"line":17,"column":56}},"3":{"start":{"line":18,"column":28},"end":{"line":18,"column":42}},"4":{"start":{"line":19,"column":26},"end":{"line":19,"column":40}},"5":{"start":{"line":20,"column":46},"end":{"line":20,"column":58}},"6":{"start":{"line":22,"column":17},"end":{"line":22,"column":54}},"7":{"start":{"line":24,"column":19},"end":{"line":24,"column":32}},"8":{"start":{"line":27,"column":18},"end":{"line":42,"column":3}},"9":{"start":{"line":28,"column":4},"end":{"line":41,"column":5}},"10":{"start":{"line":29,"column":24},"end":{"line":29,"column":68}},"11":{"start":{"line":30,"column":33},"end":{"line":34,"column":7}},"12":{"start":{"line":35,"column":6},"end":{"line":35,"column":42}},"13":{"start":{"line":36,"column":6},"end":{"line":36,"column":50}},"14":{"start":{"line":39,"column":6},"end":{"line":39,"column":22}},"15":{"start":{"line":40,"column":6},"end":{"line":40,"column":25}},"16":{"start":{"line":44,"column":20},"end":{"line":57,"column":3}},"17":{"start":{"line":45,"column":4},"end":{"line":56,"column":5}},"18":{"start":{"line":46,"column":19},"end":{"line":46,"column":22}},"19":{"start":{"line":47,"column":6},"end":{"line":49,"column":9}},"20":{"start":{"line":48,"column":8},"end":{"line":48,"column":49}},"21":{"start":{"line":51,"column":6},"end":{"line":51,"column":77}},"22":{"start":{"line":54,"column":6},"end":{"line":54,"column":22}},"23":{"start":{"line":55,"column":6},"end":{"line":55,"column":25}},"24":{"start":{"line":59,"column":2},"end":{"line":75,"column":20}},"25":{"start":{"line":60,"column":4},"end":{"line":74,"column":5}},"26":{"start":{"line":61,"column":26},"end":{"line":61,"column":35}},"27":{"start":{"line":62,"column":6},"end":{"line":62,"column":43}},"28":{"start":{"line":64,"column":6},"end":{"line":73,"column":11}},"29":{"start":{"line":67,"column":10},"end":{"line":67,"column":50}},"30":{"start":{"line":68,"column":10},"end":{"line":68,"column":28}},"31":{"start":{"line":71,"column":10},"end":{"line":71,"column":27}},"32":{"start":{"line":72,"column":10},"end":{"line":72,"column":22}},"33":{"start":{"line":77,"column":2},"end":{"line":115,"column":4}},"34":{"start":{"line":91,"column":41},"end":{"line":91,"column":68}},"35":{"start":{"line":105,"column":31},"end":{"line":105,"column":53}}},"fnMap":{"0":{"name":"PhoneLogin","decl":{"start":{"line":13,"column":9},"end":{"line":13,"column":19}},"loc":{"start":{"line":13,"column":22},"end":{"line":116,"column":1}},"line":13},"1":{"name":"(anonymous_1)","decl":{"start":{"line":27,"column":18},"end":{"line":27,"column":19}},"loc":{"start":{"line":27,"column":30},"end":{"line":42,"column":3}},"line":27},"2":{"name":"(anonymous_2)","decl":{"start":{"line":44,"column":20},"end":{"line":44,"column":21}},"loc":{"start":{"line":44,"column":32},"end":{"line":57,"column":3}},"line":44},"3":{"name":"(anonymous_3)","decl":{"start":{"line":47,"column":44},"end":{"line":47,"column":45}},"loc":{"start":{"line":47,"column":58},"end":{"line":49,"column":7}},"line":47},"4":{"name":"(anonymous_4)","decl":{"start":{"line":59,"column":12},"end":{"line":59,"column":13}},"loc":{"start":{"line":59,"column":18},"end":{"line":75,"column":3}},"line":59},"5":{"name":"(anonymous_5)","decl":{"start":{"line":66,"column":14},"end":{"line":66,"column":15}},"loc":{"start":{"line":66,"column":23},"end":{"line":69,"column":9}},"line":66},"6":{"name":"(anonymous_6)","decl":{"start":{"line":70,"column":15},"end":{"line":70,"column":16}},"loc":{"start":{"line":70,"column":24},"end":{"line":73,"column":9}},"line":70},"7":{"name":"(anonymous_7)","decl":{"start":{"line":78,"column":31},"end":{"line":78,"column":32}},"loc":{"start":{"line":78,"column":37},"end":{"line":78,"column":39}},"line":78},"8":{"name":"(anonymous_8)","decl":{"start":{"line":91,"column":24},"end":{"line":91,"column":25}},"loc":{"start":{"line":91,"column":41},"end":{"line":91,"column":68}},"line":91},"9":{"name":"(anonymous_9)","decl":{"start":{"line":105,"column":24},"end":{"line":105,"column":25}},"loc":{"start":{"line":105,"column":31},"end":{"line":105,"column":53}},"line":105}},"branchMap":{"0":{"loc":{"start":{"line":60,"column":4},"end":{"line":74,"column":5}},"type":"if","locations":[{"start":{"line":60,"column":4},"end":{"line":74,"column":5}},{"start":{},"end":{}}],"line":60},"1":{"loc":{"start":{"line":83,"column":9},"end":{"line":83,"column":76}},"type":"binary-expr","locations":[{"start":{"line":83,"column":9},"end":{"line":83,"column":23}},{"start":{"line":83,"column":27},"end":{"line":83,"column":76}}],"line":83},"2":{"loc":{"start":{"line":84,"column":9},"end":{"line":84,"column":65}},"type":"binary-expr","locations":[{"start":{"line":84,"column":9},"end":{"line":84,"column":14}},{"start":{"line":84,"column":18},"end":{"line":84,"column":65}}],"line":84}},"s":{"0":0,"1":0,"2":0,"3":0,"4":0,"5":0,"6":0,"7":0,"8":0,"9":0,"10":0,"11":0,"12":0,"13":0,"14":0,"15":0,"16":0,"17":0,"18":0,"19":0,"20":0,"21":0,"22":0,"23":0,"24":0,"25":0,"26":0,"27":0,"28":0,"29":0,"30":0,"31":0,"32":0,"33":0,"34":0,"35":0},"f":{"0":0,"1":0,"2":0,"3":0,"4":0,"5":0,"6":0,"7":0,"8":0,"9":0},"b":{"0":[0,0],"1":[0,0],"2":[0,0]}}
,"D:\\Forex_Remittance\\forex-remittance\\frontend\\src\\userManagement\\signup.js": {"path":"D:\\Forex_Remittance\\forex-remittance\\frontend\\src\\userManagement\\signup.js","statementMap":{"0":{"start":{"line":10,"column":19},"end":{"line":264,"column":1}},"1":{"start":{"line":11,"column":34},"end":{"line":16,"column":4}},"2":{"start":{"line":17,"column":32},"end":{"line":17,"column":44}},"3":{"start":{"line":18,"column":30},"end":{"line":18,"column":42}},"4":{"start":{"line":19,"column":42},"end":{"line":19,"column":57}},"5":{"start":{"line":20,"column":56},"end":{"line":20,"column":71}},"6":{"start":{"line":21,"column":50},"end":{"line":21,"column":65}},"7":{"start":{"line":22,"column":19},"end":{"line":22,"column":32}},"8":{"start":{"line":23,"column":23},"end":{"line":27,"column":3}},"9":{"start":{"line":24,"column":28},"end":{"line":24,"column":36}},"10":{"start":{"line":25,"column":4},"end":{"line":25,"column":48}},"11":{"start":{"line":26,"column":4},"end":{"line":26,"column":41}},"12":{"start":{"line":28,"column":17},"end":{"line":28,"column":54}},"13":{"start":{"line":29,"column":35},"end":{"line":35,"column":3}},"14":{"start":{"line":30,"column":4},"end":{"line":34,"column":5}},"15":{"start":{"line":31,"column":6},"end":{"line":31,"column":37}},"16":{"start":{"line":32,"column":11},"end":{"line":34,"column":5}},"17":{"start":{"line":33,"column":6},"end":{"line":33,"column":51}},"18":{"start":{"line":37,"column":34},"end":{"line":45,"column":3}},"19":{"start":{"line":38,"column":4},"end":{"line":38,"column":31}},"20":{"start":{"line":39,"column":4},"end":{"line":44,"column":7}},"21":{"start":{"line":47,"column":23},"end":{"line":117,"column":3}},"22":{"start":{"line":48,"column":4},"end":{"line":48,"column":23}},"23":{"start":{"line":50,"column":29},"end":{"line":50,"column":31}},"24":{"start":{"line":52,"column":4},"end":{"line":59,"column":5}},"25":{"start":{"line":53,"column":6},"end":{"line":53,"column":57}},"26":{"start":{"line":54,"column":11},"end":{"line":59,"column":5}},"27":{"start":{"line":55,"column":6},"end":{"line":56,"column":92}},"28":{"start":{"line":57,"column":11},"end":{"line":59,"column":5}},"29":{"start":{"line":58,"column":6},"end":{"line":58,"column":77}},"30":{"start":{"line":61,"column":4},"end":{"line":65,"column":5}},"31":{"start":{"line":62,"column":6},"end":{"line":62,"column":51}},"32":{"start":{"line":63,"column":11},"end":{"line":65,"column":5}},"33":{"start":{"line":64,"column":6},"end":{"line":64,"column":61}},"34":{"start":{"line":67,"column":4},"end":{"line":78,"column":5}},"35":{"start":{"line":68,"column":6},"end":{"line":68,"column":57}},"36":{"start":{"line":69,"column":11},"end":{"line":78,"column":5}},"37":{"start":{"line":70,"column":6},"end":{"line":70,"column":83}},"38":{"start":{"line":71,"column":11},"end":{"line":78,"column":5}},"39":{"start":{"line":76,"column":6},"end":{"line":77,"column":124}},"40":{"start":{"line":80,"column":4},"end":{"line":82,"column":5}},"41":{"start":{"line":81,"column":6},"end":{"line":81,"column":66}},"42":{"start":{"line":84,"column":4},"end":{"line":116,"column":5}},"43":{"start":{"line":85,"column":6},"end":{"line":85,"column":34}},"44":{"start":{"line":87,"column":6},"end":{"line":115,"column":5}},"45":{"start":{"line":88,"column":25},"end":{"line":88,"column":71}},"46":{"start":{"line":90,"column":8},"end":{"line":95,"column":9}},"47":{"start":{"line":92,"column":10},"end":{"line":92,"column":36}},"48":{"start":{"line":94,"column":10},"end":{"line":94,"column":46}},"49":{"start":{"line":97,"column":12},"end":{"line":97,"column":40}},"50":{"start":{"line":98,"column":8},"end":{"line":113,"column":9}},"51":{"start":{"line":99,"column":10},"end":{"line":110,"column":13}},"52":{"start":{"line":112,"column":10},"end":{"line":112,"column":46}},"53":{"start":{"line":119,"column":2},"end":{"line":263,"column":4}},"54":{"start":{"line":177,"column":37},"end":{"line":177,"column":73}},"55":{"start":{"line":203,"column":37},"end":{"line":203,"column":80}},"56":{"start":{"line":228,"column":24},"end":{"line":228,"column":43}},"57":{"start":{"line":231,"column":24},"end":{"line":233,"column":25}},"58":{"start":{"line":232,"column":26},"end":{"line":232,"column":45}}},"fnMap":{"0":{"name":"(anonymous_0)","decl":{"start":{"line":10,"column":19},"end":{"line":10,"column":20}},"loc":{"start":{"line":10,"column":25},"end":{"line":264,"column":1}},"line":10},"1":{"name":"(anonymous_1)","decl":{"start":{"line":23,"column":23},"end":{"line":23,"column":24}},"loc":{"start":{"line":23,"column":30},"end":{"line":27,"column":3}},"line":23},"2":{"name":"(anonymous_2)","decl":{"start":{"line":29,"column":35},"end":{"line":29,"column":36}},"loc":{"start":{"line":29,"column":46},"end":{"line":35,"column":3}},"line":29},"3":{"name":"(anonymous_3)","decl":{"start":{"line":37,"column":34},"end":{"line":37,"column":35}},"loc":{"start":{"line":37,"column":40},"end":{"line":45,"column":3}},"line":37},"4":{"name":"(anonymous_4)","decl":{"start":{"line":47,"column":23},"end":{"line":47,"column":24}},"loc":{"start":{"line":47,"column":36},"end":{"line":117,"column":3}},"line":47},"5":{"name":"(anonymous_5)","decl":{"start":{"line":177,"column":31},"end":{"line":177,"column":32}},"loc":{"start":{"line":177,"column":37},"end":{"line":177,"column":73}},"line":177},"6":{"name":"(anonymous_6)","decl":{"start":{"line":203,"column":31},"end":{"line":203,"column":32}},"loc":{"start":{"line":203,"column":37},"end":{"line":203,"column":80}},"line":203},"7":{"name":"(anonymous_7)","decl":{"start":{"line":227,"column":31},"end":{"line":227,"column":32}},"loc":{"start":{"line":227,"column":37},"end":{"line":229,"column":23}},"line":227},"8":{"name":"(anonymous_8)","decl":{"start":{"line":230,"column":33},"end":{"line":230,"column":34}},"loc":{"start":{"line":230,"column":40},"end":{"line":234,"column":23}},"line":230}},"branchMap":{"0":{"loc":{"start":{"line":30,"column":4},"end":{"line":34,"column":5}},"type":"if","locations":[{"start":{"line":30,"column":4},"end":{"line":34,"column":5}},{"start":{"line":32,"column":11},"end":{"line":34,"column":5}}],"line":30},"1":{"loc":{"start":{"line":32,"column":11},"end":{"line":34,"column":5}},"type":"if","locations":[{"start":{"line":32,"column":11},"end":{"line":34,"column":5}},{"start":{},"end":{}}],"line":32},"2":{"loc":{"start":{"line":52,"column":4},"end":{"line":59,"column":5}},"type":"if","locations":[{"start":{"line":52,"column":4},"end":{"line":59,"column":5}},{"start":{"line":54,"column":11},"end":{"line":59,"column":5}}],"line":52},"3":{"loc":{"start":{"line":54,"column":11},"end":{"line":59,"column":5}},"type":"if","locations":[{"start":{"line":54,"column":11},"end":{"line":59,"column":5}},{"start":{"line":57,"column":11},"end":{"line":59,"column":5}}],"line":54},"4":{"loc":{"start":{"line":57,"column":11},"end":{"line":59,"column":5}},"type":"if","locations":[{"start":{"line":57,"column":11},"end":{"line":59,"column":5}},{"start":{},"end":{}}],"line":57},"5":{"loc":{"start":{"line":61,"column":4},"end":{"line":65,"column":5}},"type":"if","locations":[{"start":{"line":61,"column":4},"end":{"line":65,"column":5}},{"start":{"line":63,"column":11},"end":{"line":65,"column":5}}],"line":61},"6":{"loc":{"start":{"line":63,"column":11},"end":{"line":65,"column":5}},"type":"if","locations":[{"start":{"line":63,"column":11},"end":{"line":65,"column":5}},{"start":{},"end":{}}],"line":63},"7":{"loc":{"start":{"line":67,"column":4},"end":{"line":78,"column":5}},"type":"if","locations":[{"start":{"line":67,"column":4},"end":{"line":78,"column":5}},{"start":{"line":69,"column":11},"end":{"line":78,"column":5}}],"line":67},"8":{"loc":{"start":{"line":69,"column":11},"end":{"line":78,"column":5}},"type":"if","locations":[{"start":{"line":69,"column":11},"end":{"line":78,"column":5}},{"start":{"line":71,"column":11},"end":{"line":78,"column":5}}],"line":69},"9":{"loc":{"start":{"line":69,"column":15},"end":{"line":69,"column":76}},"type":"binary-expr","locations":[{"start":{"line":69,"column":15},"end":{"line":69,"column":43}},{"start":{"line":69,"column":47},"end":{"line":69,"column":76}}],"line":69},"10":{"loc":{"start":{"line":71,"column":11},"end":{"line":78,"column":5}},"type":"if","locations":[{"start":{"line":71,"column":11},"end":{"line":78,"column":5}},{"start":{},"end":{}}],"line":71},"11":{"loc":{"start":{"line":80,"column":4},"end":{"line":82,"column":5}},"type":"if","locations":[{"start":{"line":80,"column":4},"end":{"line":82,"column":5}},{"start":{},"end":{}}],"line":80},"12":{"loc":{"start":{"line":84,"column":4},"end":{"line":116,"column":5}},"type":"if","locations":[{"start":{"line":84,"column":4},"end":{"line":116,"column":5}},{"start":{"line":86,"column":11},"end":{"line":116,"column":5}}],"line":84},"13":{"loc":{"start":{"line":90,"column":8},"end":{"line":95,"column":9}},"type":"if","locations":[{"start":{"line":90,"column":8},"end":{"line":95,"column":9}},{"start":{"line":93,"column":15},"end":{"line":95,"column":9}}],"line":90},"14":{"loc":{"start":{"line":98,"column":8},"end":{"line":113,"column":9}},"type":"if","locations":[{"start":{"line":98,"column":8},"end":{"line":113,"column":9}},{"start":{"line":111,"column":15},"end":{"line":113,"column":9}}],"line":98},"15":{"loc":{"start":{"line":98,"column":12},"end":{"line":98,"column":59}},"type":"binary-expr","locations":[{"start":{"line":98,"column":12},"end":{"line":98,"column":26}},{"start":{"line":98,"column":30},"end":{"line":98,"column":59}}],"line":98},"16":{"loc":{"start":{"line":101,"column":14},"end":{"line":103,"column":20}},"type":"cond-expr","locations":[{"start":{"line":102,"column":18},"end":{"line":102,"column":45}},{"start":{"line":103,"column":18},"end":{"line":103,"column":20}}],"line":101},"17":{"loc":{"start":{"line":105,"column":14},"end":{"line":107,"column":20}},"type":"cond-expr","locations":[{"start":{"line":106,"column":18},"end":{"line":106,"column":45}},{"start":{"line":107,"column":18},"end":{"line":107,"column":20}}],"line":105},"18":{"loc":{"start":{"line":127,"column":47},"end":{"line":127,"column":81}},"type":"cond-expr","locations":[{"start":{"line":127,"column":65},"end":{"line":127,"column":76}},{"start":{"line":127,"column":79},"end":{"line":127,"column":81}}],"line":127},"19":{"loc":{"start":{"line":137,"column":21},"end":{"line":141,"column":21}},"type":"binary-expr","locations":[{"start":{"line":137,"column":21},"end":{"line":137,"column":36}},{"start":{"line":138,"column":22},"end":{"line":140,"column":40}}],"line":137},"20":{"loc":{"start":{"line":143,"column":19},"end":{"line":143,"column":102}},"type":"binary-expr","locations":[{"start":{"line":143,"column":19},"end":{"line":143,"column":34}},{"start":{"line":143,"column":38},"end":{"line":143,"column":102}}],"line":143},"21":{"loc":{"start":{"line":146,"column":47},"end":{"line":146,"column":78}},"type":"cond-expr","locations":[{"start":{"line":146,"column":62},"end":{"line":146,"column":73}},{"start":{"line":146,"column":76},"end":{"line":146,"column":78}}],"line":146},"22":{"loc":{"start":{"line":156,"column":21},"end":{"line":160,"column":21}},"type":"binary-expr","locations":[{"start":{"line":156,"column":21},"end":{"line":156,"column":33}},{"start":{"line":157,"column":22},"end":{"line":159,"column":40}}],"line":156},"23":{"loc":{"start":{"line":162,"column":19},"end":{"line":162,"column":96}},"type":"binary-expr","locations":[{"start":{"line":162,"column":19},"end":{"line":162,"column":31}},{"start":{"line":162,"column":35},"end":{"line":162,"column":96}}],"line":162},"24":{"loc":{"start":{"line":165,"column":47},"end":{"line":165,"column":81}},"type":"cond-expr","locations":[{"start":{"line":165,"column":65},"end":{"line":165,"column":76}},{"start":{"line":165,"column":79},"end":{"line":165,"column":81}}],"line":165},"25":{"loc":{"start":{"line":169,"column":28},"end":{"line":169,"column":62}},"type":"cond-expr","locations":[{"start":{"line":169,"column":43},"end":{"line":169,"column":49}},{"start":{"line":169,"column":52},"end":{"line":169,"column":62}}],"line":169},"26":{"loc":{"start":{"line":180,"column":45},"end":{"line":180,"column":78}},"type":"cond-expr","locations":[{"start":{"line":180,"column":60},"end":{"line":180,"column":65}},{"start":{"line":180,"column":68},"end":{"line":180,"column":78}}],"line":180},"27":{"loc":{"start":{"line":182,"column":21},"end":{"line":186,"column":21}},"type":"binary-expr","locations":[{"start":{"line":182,"column":21},"end":{"line":182,"column":36}},{"start":{"line":183,"column":22},"end":{"line":185,"column":40}}],"line":182},"28":{"loc":{"start":{"line":188,"column":19},"end":{"line":188,"column":102}},"type":"binary-expr","locations":[{"start":{"line":188,"column":19},"end":{"line":188,"column":34}},{"start":{"line":188,"column":38},"end":{"line":188,"column":102}}],"line":188},"29":{"loc":{"start":{"line":191,"column":47},"end":{"line":191,"column":88}},"type":"cond-expr","locations":[{"start":{"line":191,"column":72},"end":{"line":191,"column":83}},{"start":{"line":191,"column":86},"end":{"line":191,"column":88}}],"line":191},"30":{"loc":{"start":{"line":195,"column":28},"end":{"line":195,"column":69}},"type":"cond-expr","locations":[{"start":{"line":195,"column":50},"end":{"line":195,"column":56}},{"start":{"line":195,"column":59},"end":{"line":195,"column":69}}],"line":195},"31":{"loc":{"start":{"line":205,"column":45},"end":{"line":205,"column":85}},"type":"cond-expr","locations":[{"start":{"line":205,"column":67},"end":{"line":205,"column":72}},{"start":{"line":205,"column":75},"end":{"line":205,"column":85}}],"line":205},"32":{"loc":{"start":{"line":207,"column":21},"end":{"line":211,"column":21}},"type":"binary-expr","locations":[{"start":{"line":207,"column":21},"end":{"line":207,"column":43}},{"start":{"line":208,"column":22},"end":{"line":210,"column":40}}],"line":207},"33":{"loc":{"start":{"line":213,"column":19},"end":{"line":215,"column":19}},"type":"binary-expr","locations":[{"start":{"line":213,"column":19},"end":{"line":213,"column":41}},{"start":{"line":214,"column":20},"end":{"line":214,"column":91}}],"line":213},"34":{"loc":{"start":{"line":231,"column":24},"end":{"line":233,"column":25}},"type":"if","locations":[{"start":{"line":231,"column":24},"end":{"line":233,"column":25}},{"start":{},"end":{}}],"line":231},"35":{"loc":{"start":{"line":231,"column":28},"end":{"line":231,"column":62}},"type":"binary-expr","locations":[{"start":{"line":231,"column":28},"end":{"line":231,"column":45}},{"start":{"line":231,"column":49},"end":{"line":231,"column":62}}],"line":231},"36":{"loc":{"start":{"line":242,"column":15},"end":{"line":242,"column":75}},"type":"binary-expr","locations":[{"start":{"line":242,"column":15},"end":{"line":242,"column":22}},{"start":{"line":242,"column":26},"end":{"line":242,"column":75}}],"line":242}},"s":{"0":0,"1":0,"2":0,"3":0,"4":0,"5":0,"6":0,"7":0,"8":0,"9":0,"10":0,"11":0,"12":0,"13":0,"14":0,"15":0,"16":0,"17":0,"18":0,"19":0,"20":0,"21":0,"22":0,"23":0,"24":0,"25":0,"26":0,"27":0,"28":0,"29":0,"30":0,"31":0,"32":0,"33":0,"34":0,"35":0,"36":0,"37":0,"38":0,"39":0,"40":0,"41":0,"42":0,"43":0,"44":0,"45":0,"46":0,"47":0,"48":0,"49":0,"50":0,"51":0,"52":0,"53":0,"54":0,"55":0,"56":0,"57":0,"58":0},"f":{"0":0,"1":0,"2":0,"3":0,"4":0,"5":0,"6":0,"7":0,"8":0},"b":{"0":[0,0],"1":[0,0],"2":[0,0],"3":[0,0],"4":[0,0],"5":[0,0],"6":[0,0],"7":[0,0],"8":[0,0],"9":[0,0],"10":[0,0],"11":[0,0],"12":[0,0],"13":[0,0],"14":[0,0],"15":[0,0],"16":[0,0],"17":[0,0],"18":[0,0],"19":[0,0],"20":[0,0],"21":[0,0],"22":[0,0],"23":[0,0],"24":[0,0],"25":[0,0],"26":[0,0],"27":[0,0],"28":[0,0],"29":[0,0],"30":[0,0],"31":[0,0],"32":[0,0],"33":[0,0],"34":[0,0],"35":[0,0],"36":[0,0]}}
}
