TN:
SF:src\App.js
FN:26,App
FNF:1
FNH:0
FNDA:0,App
DA:16,0
DA:28,0
LF:2
LH:0
BRF:0
BRH:0
end_of_record
TN:
SF:src\beneficiaryFrom.js
FN:5,(anonymous_0)
FN:19,(anonymous_1)
FN:26,(anonymous_2)
FN:51,(anonymous_3)
FN:56,(anonymous_4)
FN:60,(anonymous_5)
FNF:6
FNH:0
FNDA:0,(anonymous_0)
FNDA:0,(anonymous_1)
FNDA:0,(anonymous_2)
FNDA:0,(anonymous_3)
FNDA:0,(anonymous_4)
FNDA:0,(anonymous_5)
DA:5,0
DA:6,0
DA:16,0
DA:19,0
DA:20,0
DA:26,0
DA:27,0
DA:30,0
DA:31,0
DA:32,0
DA:36,0
DA:39,0
DA:51,0
DA:52,0
DA:53,0
DA:54,0
DA:58,0
DA:61,0
DA:66,0
LF:19
LH:0
BRDA:30,0,0,0
BRDA:30,0,1,0
BRDA:52,1,0,0
BRDA:52,1,1,0
BRF:4
BRH:0
end_of_record
TN:
SF:src\index.js
FNF:0
FNH:0
DA:11,0
DA:12,0
DA:22,0
LF:3
LH:0
BRF:0
BRH:0
end_of_record
TN:
SF:src\logger.js
FN:2,(anonymous_0)
FN:5,(anonymous_1)
FN:8,(anonymous_2)
FNF:3
FNH:0
FNDA:0,(anonymous_0)
FNDA:0,(anonymous_1)
FNDA:0,(anonymous_2)
DA:1,0
DA:3,0
DA:6,0
DA:9,0
LF:4
LH:0
BRF:0
BRH:0
end_of_record
TN:
SF:src\reportWebVitals.js
FN:1,(anonymous_0)
FN:3,(anonymous_1)
FNF:2
FNH:0
FNDA:0,(anonymous_0)
FNDA:0,(anonymous_1)
DA:1,0
DA:2,0
DA:3,0
DA:4,0
DA:5,0
DA:6,0
DA:7,0
DA:8,0
LF:8
LH:0
BRDA:2,0,0,0
BRDA:2,0,1,0
BRDA:2,1,0,0
BRDA:2,1,1,0
BRF:4
BRH:0
end_of_record
TN:
SF:src\setupTests.js
FNF:0
FNH:0
LF:0
LH:0
BRF:0
BRH:0
end_of_record
TN:
SF:src\sidebar.js
FN:41,(anonymous_0)
FNF:1
FNH:0
FNDA:0,(anonymous_0)
DA:4,0
DA:13,0
DA:23,0
DA:28,0
DA:33,0
DA:41,0
DA:42,0
LF:7
LH:0
BRF:0
BRH:0
end_of_record
TN:
SF:src\benificiaryform\benificiaryform.js
FN:6,(anonymous_0)
FN:27,(anonymous_1)
FN:32,(anonymous_2)
FN:39,(anonymous_3)
FN:42,(anonymous_4)
FN:52,(anonymous_5)
FN:62,(anonymous_6)
FN:70,(anonymous_7)
FN:85,(anonymous_8)
FN:89,(anonymous_9)
FN:114,(anonymous_10)
FN:127,(anonymous_11)
FN:144,(anonymous_12)
FN:162,(anonymous_13)
FN:168,(anonymous_14)
FN:237,(anonymous_15)
FNF:16
FNH:5
FNDA:6,(anonymous_0)
FNDA:5,(anonymous_1)
FNDA:0,(anonymous_2)
FNDA:4,(anonymous_3)
FNDA:0,(anonymous_4)
FNDA:0,(anonymous_5)
FNDA:0,(anonymous_6)
FNDA:0,(anonymous_7)
FNDA:4,(anonymous_8)
FNDA:0,(anonymous_9)
FNDA:0,(anonymous_10)
FNDA:0,(anonymous_11)
FNDA:0,(anonymous_12)
FNDA:1,(anonymous_13)
FNDA:0,(anonymous_14)
FNDA:0,(anonymous_15)
DA:6,1
DA:7,6
DA:8,6
DA:9,6
DA:19,6
DA:20,6
DA:21,6
DA:22,6
DA:24,6
DA:27,6
DA:29,5
DA:32,6
DA:33,0
DA:39,6
DA:40,4
DA:41,4
DA:42,0
DA:46,0
DA:48,0
DA:52,6
DA:53,0
DA:54,0
DA:57,0
DA:58,0
DA:60,0
DA:61,0
DA:62,0
DA:67,0
DA:68,0
DA:70,0
DA:76,0
DA:81,0
DA:85,6
DA:86,4
DA:89,6
DA:90,0
DA:91,0
DA:92,0
DA:97,0
DA:98,0
DA:108,0
DA:110,0
DA:114,6
DA:115,0
DA:117,0
DA:120,0
DA:122,0
DA:123,0
DA:124,0
DA:125,0
DA:127,0
DA:134,0
DA:139,0
DA:140,0
DA:144,0
DA:152,6
DA:162,1
DA:168,0
DA:238,0
LF:59
LH:22
BRDA:58,0,0,0
BRDA:58,0,1,0
BRDA:60,1,0,0
BRDA:60,1,1,0
BRDA:60,2,0,0
BRDA:60,2,1,0
BRDA:122,3,0,0
BRDA:122,3,1,0
BRDA:168,4,0,0
BRDA:168,4,1,0
BRDA:229,5,0,0
BRDA:229,5,1,6
BRF:12
BRH:1
end_of_record
TN:
SF:src\benificiaryform\displayform.js
FN:8,DisplayBeneficiary
FN:12,(anonymous_1)
FN:13,(anonymous_2)
FN:34,(anonymous_3)
FNF:4
FNH:1
FNDA:7,DisplayBeneficiary
FNDA:0,(anonymous_1)
FNDA:0,(anonymous_2)
FNDA:0,(anonymous_3)
DA:9,7
DA:10,6
DA:12,6
DA:13,0
DA:14,0
DA:15,0
DA:16,0
DA:18,0
DA:22,0
DA:25,6
DA:35,0
LF:11
LH:4
BRF:0
BRH:0
end_of_record
TN:
SF:src\components\Landingpage\landingpage.js
FN:6,LandingPage
FN:8,(anonymous_1)
FNF:2
FNH:0
FNDA:0,LandingPage
FNDA:0,(anonymous_1)
DA:7,0
DA:8,0
DA:9,0
DA:12,0
LF:4
LH:0
BRDA:17,0,0,0
BRDA:17,0,1,0
BRF:2
BRH:0
end_of_record
TN:
SF:src\components\RateConverter\CurrencyConverter.js
FN:4,(anonymous_0)
FN:7,(anonymous_1)
FN:8,(anonymous_2)
FN:9,(anonymous_3)
FNF:4
FNH:0
FNDA:0,(anonymous_0)
FNDA:0,(anonymous_1)
FNDA:0,(anonymous_2)
FNDA:0,(anonymous_3)
DA:4,0
DA:5,0
DA:7,0
DA:8,0
DA:10,0
DA:19,0
LF:6
LH:0
BRF:0
BRH:0
end_of_record
TN:
SF:src\components\RateConverter\currency.js
FNF:0
FNH:0
LF:0
LH:0
BRF:0
BRH:0
end_of_record
TN:
SF:src\components\dashboard\allchart.js
FN:7,AllChart
FNF:1
FNH:0
FNDA:0,AllChart
DA:8,0
LF:1
LH:0
BRF:0
BRH:0
end_of_record
TN:
SF:src\components\dashboard\chartbar.js
FN:5,(anonymous_0)
FN:10,(anonymous_1)
FN:13,(anonymous_2)
FN:14,(anonymous_3)
FN:17,(anonymous_4)
FN:39,(anonymous_5)
FNF:6
FNH:5
FNDA:2,(anonymous_0)
FNDA:2,(anonymous_1)
FNDA:0,(anonymous_2)
FNDA:2,(anonymous_3)
FNDA:2,(anonymous_4)
FNDA:2,(anonymous_5)
DA:5,1
DA:6,2
DA:7,2
DA:8,2
DA:9,2
DA:10,2
DA:12,2
DA:13,0
DA:14,2
DA:17,2
DA:18,2
DA:21,2
DA:22,0
DA:26,2
DA:39,2
DA:40,2
DA:41,2
DA:46,2
LF:18
LH:16
BRDA:21,0,0,0
BRDA:21,0,1,2
BRDA:40,1,0,2
BRDA:40,1,1,0
BRF:4
BRH:2
end_of_record
TN:
SF:src\components\dashboard\chartline.js
FN:5,(anonymous_0)
FN:10,(anonymous_1)
FN:13,(anonymous_2)
FN:14,(anonymous_3)
FN:17,(anonymous_4)
FN:39,(anonymous_5)
FNF:6
FNH:0
FNDA:0,(anonymous_0)
FNDA:0,(anonymous_1)
FNDA:0,(anonymous_2)
FNDA:0,(anonymous_3)
FNDA:0,(anonymous_4)
FNDA:0,(anonymous_5)
DA:5,1
DA:6,0
DA:7,0
DA:8,0
DA:9,0
DA:10,0
DA:12,0
DA:13,0
DA:14,0
DA:17,0
DA:18,0
DA:21,0
DA:22,0
DA:26,0
DA:39,0
DA:40,0
DA:41,0
DA:46,0
LF:18
LH:1
BRDA:21,0,0,0
BRDA:21,0,1,0
BRDA:40,1,0,0
BRDA:40,1,1,0
BRF:4
BRH:0
end_of_record
TN:
SF:src\components\dashboard\chartpie.js
FN:6,(anonymous_0)
FN:11,(anonymous_1)
FN:12,(anonymous_2)
FN:32,(anonymous_3)
FN:71,(anonymous_4)
FN:83,(anonymous_5)
FNF:6
FNH:5
FNDA:3,(anonymous_0)
FNDA:3,(anonymous_1)
FNDA:3,(anonymous_2)
FNDA:3,(anonymous_3)
FNDA:0,(anonymous_4)
FNDA:3,(anonymous_5)
DA:6,1
DA:7,3
DA:8,3
DA:9,3
DA:10,3
DA:11,3
DA:12,3
DA:13,3
DA:15,3
DA:16,0
DA:19,0
DA:20,0
DA:22,0
DA:25,3
DA:29,3
DA:32,3
DA:33,3
DA:36,3
DA:37,0
DA:40,3
DA:42,0
DA:72,0
DA:73,0
DA:74,0
DA:83,3
DA:84,3
DA:85,0
DA:90,3
LF:28
LH:18
BRDA:19,0,0,0
BRDA:19,0,1,0
BRDA:19,1,0,0
BRDA:19,1,1,0
BRDA:19,1,2,0
BRDA:19,1,3,0
BRDA:19,1,4,0
BRDA:36,2,0,0
BRDA:36,2,1,3
BRDA:40,3,0,0
BRDA:40,3,1,3
BRDA:84,4,0,0
BRDA:84,4,1,3
BRF:13
BRH:3
end_of_record
TN:
SF:src\components\dashboard\dashboard.js
FN:5,Dashboard
FNF:1
FNH:0
FNDA:0,Dashboard
DA:6,0
LF:1
LH:0
BRF:0
BRH:0
end_of_record
TN:
SF:src\components\dashboard\mainpage.js
FN:5,(anonymous_0)
FNF:1
FNH:0
FNDA:0,(anonymous_0)
DA:5,0
DA:6,0
LF:2
LH:0
BRF:0
BRH:0
end_of_record
TN:
SF:src\components\dashboard\nav.js
FN:6,Header
FNF:1
FNH:0
FNDA:0,Header
DA:7,0
LF:1
LH:0
BRF:0
BRH:0
end_of_record
TN:
SF:src\components\dashboard\sidebar.js
FN:13,(anonymous_0)
FN:16,(anonymous_1)
FN:35,(anonymous_2)
FN:48,(anonymous_3)
FN:61,(anonymous_4)
FNF:5
FNH:0
FNDA:0,(anonymous_0)
FNDA:0,(anonymous_1)
FNDA:0,(anonymous_2)
FNDA:0,(anonymous_3)
FNDA:0,(anonymous_4)
DA:13,0
DA:14,0
DA:16,0
DA:17,0
DA:20,0
DA:35,0
DA:48,0
DA:61,0
LF:8
LH:0
BRDA:37,0,0,0
BRDA:37,0,1,0
BRDA:50,1,0,0
BRDA:50,1,1,0
BRDA:63,2,0,0
BRDA:63,2,1,0
BRF:6
BRH:0
end_of_record
TN:
SF:src\components\dashboard\transactionlist.js
FN:7,(anonymous_0)
FN:12,(anonymous_1)
FN:15,(anonymous_2)
FN:24,(anonymous_3)
FNF:4
FNH:0
FNDA:0,(anonymous_0)
FNDA:0,(anonymous_1)
FNDA:0,(anonymous_2)
FNDA:0,(anonymous_3)
DA:7,0
DA:8,0
DA:9,0
DA:10,0
DA:12,0
DA:14,0
DA:17,0
DA:18,0
DA:20,0
DA:22,0
DA:25,0
DA:26,0
DA:31,0
DA:43,0
DA:52,0
DA:53,0
DA:56,0
LF:17
LH:0
BRDA:17,0,0,0
BRDA:17,0,1,0
BRDA:52,1,0,0
BRDA:52,1,1,0
BRF:4
BRH:0
end_of_record
TN:
SF:src\components\footer\footer.js
FN:8,Footer
FNF:1
FNH:0
FNDA:0,Footer
DA:9,0
LF:1
LH:0
BRF:0
BRH:0
end_of_record
TN:
SF:src\components\header\header.js
FN:7,(anonymous_0)
FNF:1
FNH:0
FNDA:0,(anonymous_0)
DA:7,0
DA:8,0
LF:2
LH:0
BRF:0
BRH:0
end_of_record
TN:
SF:src\components\mainsection\main.js
FN:6,Main
FNF:1
FNH:0
FNDA:0,Main
DA:7,0
LF:1
LH:0
BRF:0
BRH:0
end_of_record
TN:
SF:src\firebase\firebase.js
FNF:0
FNH:0
DA:8,0
DA:19,0
DA:20,0
DA:21,0
LF:4
LH:0
BRF:0
BRH:0
end_of_record
TN:
SF:src\forex-remittance\ForexRemittance.js
FN:4,(anonymous_0)
FN:26,(anonymous_1)
FN:27,(anonymous_2)
FN:42,(anonymous_3)
FN:43,(anonymous_4)
FN:58,(anonymous_5)
FN:59,(anonymous_6)
FN:67,(anonymous_7)
FN:74,(anonymous_8)
FN:146,(anonymous_9)
FN:163,(anonymous_10)
FN:180,(anonymous_11)
FN:190,(anonymous_12)
FN:194,(anonymous_13)
FN:206,(anonymous_14)
FN:210,(anonymous_15)
FN:223,(anonymous_16)
FN:227,(anonymous_17)
FN:243,(anonymous_18)
FNF:19
FNH:0
FNDA:0,(anonymous_0)
FNDA:0,(anonymous_1)
FNDA:0,(anonymous_2)
FNDA:0,(anonymous_3)
FNDA:0,(anonymous_4)
FNDA:0,(anonymous_5)
FNDA:0,(anonymous_6)
FNDA:0,(anonymous_7)
FNDA:0,(anonymous_8)
FNDA:0,(anonymous_9)
FNDA:0,(anonymous_10)
FNDA:0,(anonymous_11)
FNDA:0,(anonymous_12)
FNDA:0,(anonymous_13)
FNDA:0,(anonymous_14)
FNDA:0,(anonymous_15)
FNDA:0,(anonymous_16)
FNDA:0,(anonymous_17)
FNDA:0,(anonymous_18)
DA:4,0
DA:5,0
DA:6,0
DA:7,0
DA:8,0
DA:9,0
DA:10,0
DA:11,0
DA:12,0
DA:13,0
DA:14,0
DA:15,0
DA:16,0
DA:18,0
DA:26,0
DA:27,0
DA:28,0
DA:29,0
DA:32,0
DA:33,0
DA:35,0
DA:39,0
DA:42,0
DA:43,0
DA:44,0
DA:45,0
DA:46,0
DA:48,0
DA:49,0
DA:51,0
DA:55,0
DA:58,0
DA:59,0
DA:60,0
DA:61,0
DA:64,0
DA:67,0
DA:68,0
DA:69,0
DA:71,0
DA:74,0
DA:75,0
DA:77,0
DA:78,0
DA:79,0
DA:80,0
DA:84,0
DA:85,0
DA:88,0
DA:89,0
DA:91,0
DA:102,0
DA:106,0
DA:107,0
DA:108,0
DA:109,0
DA:110,0
DA:112,0
DA:117,0
DA:128,0
DA:137,0
DA:147,0
DA:148,0
DA:163,0
DA:180,0
DA:190,0
DA:195,0
DA:206,0
DA:211,0
DA:223,0
DA:228,0
DA:243,0
LF:72
LH:0
BRDA:33,0,0,0
BRDA:33,0,1,0
BRDA:68,1,0,0
BRDA:68,1,1,0
BRDA:78,2,0,0
BRDA:78,2,1,0
BRDA:128,3,0,0
BRDA:128,3,1,0
BRDA:128,3,2,0
BRDA:128,3,3,0
BRDA:128,3,4,0
BRDA:128,3,5,0
BRDA:128,3,6,0
BRDA:128,3,7,0
BRF:14
BRH:0
end_of_record
TN:
SF:src\loginPage\login.js
FN:9,(anonymous_0)
FN:20,(anonymous_1)
FN:26,(anonymous_2)
FN:30,(anonymous_3)
FN:142,(anonymous_4)
FN:145,(anonymous_5)
FNF:6
FNH:0
FNDA:0,(anonymous_0)
FNDA:0,(anonymous_1)
FNDA:0,(anonymous_2)
FNDA:0,(anonymous_3)
FNDA:0,(anonymous_4)
FNDA:0,(anonymous_5)
DA:9,0
DA:10,0
DA:14,0
DA:15,0
DA:16,0
DA:17,0
DA:18,0
DA:20,0
DA:21,0
DA:22,0
DA:23,0
DA:26,0
DA:27,0
DA:30,0
DA:31,0
DA:33,0
DA:37,0
DA:38,0
DA:40,0
DA:41,0
DA:46,0
DA:47,0
DA:48,0
DA:51,0
DA:54,0
DA:59,0
DA:143,0
DA:146,0
DA:147,0
LF:29
LH:0
BRDA:37,0,0,0
BRDA:37,0,1,0
BRDA:46,1,0,0
BRDA:46,1,1,0
BRDA:75,2,0,0
BRDA:75,2,1,0
BRDA:85,3,0,0
BRDA:85,3,1,0
BRDA:94,4,0,0
BRDA:94,4,1,0
BRDA:101,5,0,0
BRDA:101,5,1,0
BRDA:105,6,0,0
BRDA:105,6,1,0
BRDA:116,7,0,0
BRDA:116,7,1,0
BRDA:119,8,0,0
BRDA:119,8,1,0
BRDA:128,9,0,0
BRDA:128,9,1,0
BRDA:146,10,0,0
BRDA:146,10,1,0
BRDA:146,11,0,0
BRDA:146,11,1,0
BRDA:158,12,0,0
BRDA:158,12,1,0
BRF:26
BRH:0
end_of_record
TN:
SF:src\phonelogin\phonelogin.js
FN:13,PhoneLogin
FN:27,(anonymous_1)
FN:44,(anonymous_2)
FN:47,(anonymous_3)
FN:59,(anonymous_4)
FN:66,(anonymous_5)
FN:70,(anonymous_6)
FN:78,(anonymous_7)
FN:91,(anonymous_8)
FN:105,(anonymous_9)
FNF:10
FNH:0
FNDA:0,PhoneLogin
FNDA:0,(anonymous_1)
FNDA:0,(anonymous_2)
FNDA:0,(anonymous_3)
FNDA:0,(anonymous_4)
FNDA:0,(anonymous_5)
FNDA:0,(anonymous_6)
FNDA:0,(anonymous_7)
FNDA:0,(anonymous_8)
FNDA:0,(anonymous_9)
DA:15,0
DA:16,0
DA:17,0
DA:18,0
DA:19,0
DA:20,0
DA:22,0
DA:24,0
DA:27,0
DA:28,0
DA:29,0
DA:30,0
DA:35,0
DA:36,0
DA:39,0
DA:40,0
DA:44,0
DA:45,0
DA:46,0
DA:47,0
DA:48,0
DA:51,0
DA:54,0
DA:55,0
DA:59,0
DA:60,0
DA:61,0
DA:62,0
DA:64,0
DA:67,0
DA:68,0
DA:71,0
DA:72,0
DA:77,0
DA:91,0
DA:105,0
LF:36
LH:0
BRDA:60,0,0,0
BRDA:60,0,1,0
BRDA:83,1,0,0
BRDA:83,1,1,0
BRDA:84,2,0,0
BRDA:84,2,1,0
BRF:6
BRH:0
end_of_record
TN:
SF:src\userManagement\signup.js
FN:10,(anonymous_0)
FN:23,(anonymous_1)
FN:29,(anonymous_2)
FN:37,(anonymous_3)
FN:47,(anonymous_4)
FN:177,(anonymous_5)
FN:203,(anonymous_6)
FN:227,(anonymous_7)
FN:230,(anonymous_8)
FNF:9
FNH:0
FNDA:0,(anonymous_0)
FNDA:0,(anonymous_1)
FNDA:0,(anonymous_2)
FNDA:0,(anonymous_3)
FNDA:0,(anonymous_4)
FNDA:0,(anonymous_5)
FNDA:0,(anonymous_6)
FNDA:0,(anonymous_7)
FNDA:0,(anonymous_8)
DA:10,0
DA:11,0
DA:17,0
DA:18,0
DA:19,0
DA:20,0
DA:21,0
DA:22,0
DA:23,0
DA:24,0
DA:25,0
DA:26,0
DA:28,0
DA:29,0
DA:30,0
DA:31,0
DA:32,0
DA:33,0
DA:37,0
DA:38,0
DA:39,0
DA:47,0
DA:48,0
DA:50,0
DA:52,0
DA:53,0
DA:54,0
DA:55,0
DA:57,0
DA:58,0
DA:61,0
DA:62,0
DA:63,0
DA:64,0
DA:67,0
DA:68,0
DA:69,0
DA:70,0
DA:71,0
DA:76,0
DA:80,0
DA:81,0
DA:84,0
DA:85,0
DA:87,0
DA:88,0
DA:90,0
DA:92,0
DA:94,0
DA:97,0
DA:98,0
DA:99,0
DA:112,0
DA:119,0
DA:177,0
DA:203,0
DA:228,0
DA:231,0
DA:232,0
LF:59
LH:0
BRDA:30,0,0,0
BRDA:30,0,1,0
BRDA:32,1,0,0
BRDA:32,1,1,0
BRDA:52,2,0,0
BRDA:52,2,1,0
BRDA:54,3,0,0
BRDA:54,3,1,0
BRDA:57,4,0,0
BRDA:57,4,1,0
BRDA:61,5,0,0
BRDA:61,5,1,0
BRDA:63,6,0,0
BRDA:63,6,1,0
BRDA:67,7,0,0
BRDA:67,7,1,0
BRDA:69,8,0,0
BRDA:69,8,1,0
BRDA:69,9,0,0
BRDA:69,9,1,0
BRDA:71,10,0,0
BRDA:71,10,1,0
BRDA:80,11,0,0
BRDA:80,11,1,0
BRDA:84,12,0,0
BRDA:84,12,1,0
BRDA:90,13,0,0
BRDA:90,13,1,0
BRDA:98,14,0,0
BRDA:98,14,1,0
BRDA:98,15,0,0
BRDA:98,15,1,0
BRDA:101,16,0,0
BRDA:101,16,1,0
BRDA:105,17,0,0
BRDA:105,17,1,0
BRDA:127,18,0,0
BRDA:127,18,1,0
BRDA:137,19,0,0
BRDA:137,19,1,0
BRDA:143,20,0,0
BRDA:143,20,1,0
BRDA:146,21,0,0
BRDA:146,21,1,0
BRDA:156,22,0,0
BRDA:156,22,1,0
BRDA:162,23,0,0
BRDA:162,23,1,0
BRDA:165,24,0,0
BRDA:165,24,1,0
BRDA:169,25,0,0
BRDA:169,25,1,0
BRDA:180,26,0,0
BRDA:180,26,1,0
BRDA:182,27,0,0
BRDA:182,27,1,0
BRDA:188,28,0,0
BRDA:188,28,1,0
BRDA:191,29,0,0
BRDA:191,29,1,0
BRDA:195,30,0,0
BRDA:195,30,1,0
BRDA:205,31,0,0
BRDA:205,31,1,0
BRDA:207,32,0,0
BRDA:207,32,1,0
BRDA:213,33,0,0
BRDA:213,33,1,0
BRDA:231,34,0,0
BRDA:231,34,1,0
BRDA:231,35,0,0
BRDA:231,35,1,0
BRDA:242,36,0,0
BRDA:242,36,1,0
BRF:74
BRH:0
end_of_record
